[0.615s] Invoking command in '/home/robomop/robomop_ws/build/robomop_navigation': CMAKE_PREFIX_PATH=${CMAKE_PREFIX_PATH}:/opt/ros/jazzy DEBUGINFOD_URLS=https://debuginfod.ubuntu.com /usr/bin/cmake /home/robomop/robomop_ws/src/robomop_navigation -DAMENT_CMAKE_SYMLINK_INSTALL=1 -DCMAKE_INSTALL_PREFIX=/home/robomop/robomop_ws/install/robomop_navigation
[0.796s] -- The C compiler identification is GNU 13.2.0
[1.039s] -- The CXX compiler identification is GNU 13.2.0
[1.103s] -- Detecting C compiler ABI info
[1.566s] -- Detecting C compiler ABI info - done
[1.591s] -- Check for working C compiler: /usr/bin/cc - skipped
[1.592s] -- Detecting C compile features
[1.596s] -- Detecting C compile features - done
[1.616s] -- Detecting CXX compiler ABI info
[2.013s] -- Detecting CXX compiler ABI info - done
[2.037s] -- Check for working CXX compiler: /usr/bin/c++ - skipped
[2.038s] -- Detecting CXX compile features
[2.040s] -- Detecting CXX compile features - done
[2.048s] -- Found ament_cmake: 2.5.2 (/opt/ros/jazzy/share/ament_cmake/cmake)
[2.772s] -- Found Python3: /usr/bin/python3 (found version "3.12.3") found components: Interpreter 
[3.139s] -- Override CMake install command with custom implementation using symlinks instead of copying resources
[3.223s] -- Found ament_lint_auto: 0.17.1 (/opt/ros/jazzy/share/ament_lint_auto/cmake)
[3.632s] -- Added test 'lint_cmake' to check CMake code style
[3.637s] -- Added test 'xmllint' to check XML markup files
[3.640s] -- Configuring done (3.0s)
[3.660s] -- Generating done (0.0s)
[3.660s] -- Build files have been written to: /home/robomop/robomop_ws/build/robomop_navigation
[3.691s] Invoked command in '/home/robomop/robomop_ws/build/robomop_navigation' returned '0': CMAKE_PREFIX_PATH=${CMAKE_PREFIX_PATH}:/opt/ros/jazzy DEBUGINFOD_URLS=https://debuginfod.ubuntu.com /usr/bin/cmake /home/robomop/robomop_ws/src/robomop_navigation -DAMENT_CMAKE_SYMLINK_INSTALL=1 -DCMAKE_INSTALL_PREFIX=/home/robomop/robomop_ws/install/robomop_navigation
[3.692s] Invoking command in '/home/robomop/robomop_ws/build/robomop_navigation': CMAKE_PREFIX_PATH=${CMAKE_PREFIX_PATH}:/opt/ros/jazzy DEBUGINFOD_URLS=https://debuginfod.ubuntu.com /usr/bin/cmake --build /home/robomop/robomop_ws/build/robomop_navigation -- -j4 -l4
[3.824s] Invoked command in '/home/robomop/robomop_ws/build/robomop_navigation' returned '0': CMAKE_PREFIX_PATH=${CMAKE_PREFIX_PATH}:/opt/ros/jazzy DEBUGINFOD_URLS=https://debuginfod.ubuntu.com /usr/bin/cmake --build /home/robomop/robomop_ws/build/robomop_navigation -- -j4 -l4
[3.890s] Invoking command in '/home/robomop/robomop_ws/build/robomop_navigation': CMAKE_PREFIX_PATH=${CMAKE_PREFIX_PATH}:/opt/ros/jazzy DEBUGINFOD_URLS=https://debuginfod.ubuntu.com /usr/bin/cmake --install /home/robomop/robomop_ws/build/robomop_navigation
[3.915s] -- Install configuration: ""
[3.920s] -- Execute custom install script
[3.920s] -- Symlinking: /home/robomop/robomop_ws/install/robomop_navigation/share/ament_index/resource_index/package_run_dependencies/robomop_navigation
[3.945s] -- Symlinking: /home/robomop/robomop_ws/install/robomop_navigation/share/ament_index/resource_index/parent_prefix_path/robomop_navigation
[3.986s] -- Symlinking: /home/robomop/robomop_ws/install/robomop_navigation/share/robomop_navigation/environment/ament_prefix_path.sh
[4.017s] -- Symlinking: /home/robomop/robomop_ws/install/robomop_navigation/share/robomop_navigation/environment/ament_prefix_path.dsv
[4.047s] -- Symlinking: /home/robomop/robomop_ws/install/robomop_navigation/share/robomop_navigation/environment/path.sh
[4.079s] -- Symlinking: /home/robomop/robomop_ws/install/robomop_navigation/share/robomop_navigation/environment/path.dsv
[4.145s] -- Symlinking: /home/robomop/robomop_ws/install/robomop_navigation/share/robomop_navigation/local_setup.bash
[4.191s] -- Symlinking: /home/robomop/robomop_ws/install/robomop_navigation/share/robomop_navigation/local_setup.sh
[4.217s] -- Symlinking: /home/robomop/robomop_ws/install/robomop_navigation/share/robomop_navigation/local_setup.zsh
[4.250s] -- Symlinking: /home/robomop/robomop_ws/install/robomop_navigation/share/robomop_navigation/local_setup.dsv
[4.278s] -- Symlinking: /home/robomop/robomop_ws/install/robomop_navigation/share/robomop_navigation/package.dsv
[4.306s] -- Symlinking: /home/robomop/robomop_ws/install/robomop_navigation/share/ament_index/resource_index/packages/robomop_navigation
[4.328s] -- Symlinking: /home/robomop/robomop_ws/install/robomop_navigation/share/robomop_navigation/cmake/robomop_navigationConfig.cmake
[4.352s] -- Symlinking: /home/robomop/robomop_ws/install/robomop_navigation/share/robomop_navigation/cmake/robomop_navigationConfig-version.cmake
[4.393s] -- Symlinking: /home/robomop/robomop_ws/install/robomop_navigation/share/robomop_navigation/package.xml
[4.426s] Invoked command in '/home/robomop/robomop_ws/build/robomop_navigation' returned '0': CMAKE_PREFIX_PATH=${CMAKE_PREFIX_PATH}:/opt/ros/jazzy DEBUGINFOD_URLS=https://debuginfod.ubuntu.com /usr/bin/cmake --install /home/robomop/robomop_ws/build/robomop_navigation
