-- Found ament_cmake: 2.5.2 (/opt/ros/jazzy/share/ament_cmake/cmake)
-- Override CMake install command with custom implementation using symlinks instead of copying resources
-- Found ament_lint_auto: 0.17.1 (/opt/ros/jazzy/share/ament_lint_auto/cmake)
-- Added test 'lint_cmake' to check CMake code style
-- Added test 'xmllint' to check XML markup files
-- Configuring done (1.6s)
-- Generating done (0.1s)
-- Build files have been written to: /home/robomop/robomop_ws/build/robomop_simulator
-- Install configuration: ""
-- Execute custom install script
-- Up-to-date symlink: /home/robomop/robomop_ws/install/robomop_simulator/share/ament_index/resource_index/package_run_dependencies/robomop_simulator
-- Up-to-date symlink: /home/robomop/robomop_ws/install/robomop_simulator/share/ament_index/resource_index/parent_prefix_path/robomop_simulator
-- Up-to-date symlink: /home/robomop/robomop_ws/install/robomop_simulator/share/robomop_simulator/environment/ament_prefix_path.sh
-- Up-to-date symlink: /home/robomop/robomop_ws/install/robomop_simulator/share/robomop_simulator/environment/ament_prefix_path.dsv
-- Up-to-date symlink: /home/robomop/robomop_ws/install/robomop_simulator/share/robomop_simulator/environment/path.sh
-- Up-to-date symlink: /home/robomop/robomop_ws/install/robomop_simulator/share/robomop_simulator/environment/path.dsv
-- Up-to-date symlink: /home/robomop/robomop_ws/install/robomop_simulator/share/robomop_simulator/local_setup.bash
-- Up-to-date symlink: /home/robomop/robomop_ws/install/robomop_simulator/share/robomop_simulator/local_setup.sh
-- Up-to-date symlink: /home/robomop/robomop_ws/install/robomop_simulator/share/robomop_simulator/local_setup.zsh
-- Up-to-date symlink: /home/robomop/robomop_ws/install/robomop_simulator/share/robomop_simulator/local_setup.dsv
-- Symlinking: /home/robomop/robomop_ws/install/robomop_simulator/share/robomop_simulator/package.dsv
-- Up-to-date symlink: /home/robomop/robomop_ws/install/robomop_simulator/share/ament_index/resource_index/packages/robomop_simulator
-- Up-to-date symlink: /home/robomop/robomop_ws/install/robomop_simulator/share/robomop_simulator/cmake/robomop_simulatorConfig.cmake
-- Up-to-date symlink: /home/robomop/robomop_ws/install/robomop_simulator/share/robomop_simulator/cmake/robomop_simulatorConfig-version.cmake
-- Up-to-date symlink: /home/robomop/robomop_ws/install/robomop_simulator/share/robomop_simulator/package.xml
