[0.678s] Invoking command in '/home/robomop/robomop_ws/build/robomop_simulator': CMAKE_PREFIX_PATH=${CMAKE_PREFIX_PATH}:/home/robomop/robomop_ws/install/robomop_driver:/opt/ros/jazzy DEBUGINFOD_URLS=https://debuginfod.ubuntu.com /usr/bin/cmake /home/robomop/robomop_ws/src/robomop_simulator -DCMAKE_INSTALL_PREFIX=/home/robomop/robomop_ws/install/robomop_simulator
[0.773s] -- Found ament_cmake: 2.5.2 (/opt/ros/jazzy/share/ament_cmake/cmake)
[1.804s] -- Override CMake install command with custom implementation using symlinks instead of copying resources
[1.854s] -- Found ament_lint_auto: 0.17.1 (/opt/ros/jazzy/share/ament_lint_auto/cmake)
[2.299s] -- Added test 'lint_cmake' to check CMake code style
[2.300s] -- Added test 'xmllint' to check XML markup files
[2.304s] -- Configuring done (1.6s)
[2.358s] -- Generating done (0.1s)
[2.370s] -- Build files have been written to: /home/robomop/robomop_ws/build/robomop_simulator
[2.383s] Invoked command in '/home/robomop/robomop_ws/build/robomop_simulator' returned '0': CMAKE_PREFIX_PATH=${CMAKE_PREFIX_PATH}:/home/robomop/robomop_ws/install/robomop_driver:/opt/ros/jazzy DEBUGINFOD_URLS=https://debuginfod.ubuntu.com /usr/bin/cmake /home/robomop/robomop_ws/src/robomop_simulator -DCMAKE_INSTALL_PREFIX=/home/robomop/robomop_ws/install/robomop_simulator
[2.385s] Invoking command in '/home/robomop/robomop_ws/build/robomop_simulator': CMAKE_PREFIX_PATH=${CMAKE_PREFIX_PATH}:/home/robomop/robomop_ws/install/robomop_driver:/opt/ros/jazzy DEBUGINFOD_URLS=https://debuginfod.ubuntu.com /usr/bin/cmake --build /home/robomop/robomop_ws/build/robomop_simulator -- -j4 -l4
[2.517s] Invoked command in '/home/robomop/robomop_ws/build/robomop_simulator' returned '0': CMAKE_PREFIX_PATH=${CMAKE_PREFIX_PATH}:/home/robomop/robomop_ws/install/robomop_driver:/opt/ros/jazzy DEBUGINFOD_URLS=https://debuginfod.ubuntu.com /usr/bin/cmake --build /home/robomop/robomop_ws/build/robomop_simulator -- -j4 -l4
[2.624s] Invoking command in '/home/robomop/robomop_ws/build/robomop_simulator': CMAKE_PREFIX_PATH=${CMAKE_PREFIX_PATH}:/home/robomop/robomop_ws/install/robomop_driver:/opt/ros/jazzy DEBUGINFOD_URLS=https://debuginfod.ubuntu.com /usr/bin/cmake --install /home/robomop/robomop_ws/build/robomop_simulator
[2.646s] -- Install configuration: ""
[2.647s] -- Execute custom install script
[2.647s] -- Up-to-date symlink: /home/robomop/robomop_ws/install/robomop_simulator/share/ament_index/resource_index/package_run_dependencies/robomop_simulator
[2.648s] -- Up-to-date symlink: /home/robomop/robomop_ws/install/robomop_simulator/share/ament_index/resource_index/parent_prefix_path/robomop_simulator
[2.650s] -- Up-to-date symlink: /home/robomop/robomop_ws/install/robomop_simulator/share/robomop_simulator/environment/ament_prefix_path.sh
[2.650s] -- Up-to-date symlink: /home/robomop/robomop_ws/install/robomop_simulator/share/robomop_simulator/environment/ament_prefix_path.dsv
[2.650s] -- Up-to-date symlink: /home/robomop/robomop_ws/install/robomop_simulator/share/robomop_simulator/environment/path.sh
[2.650s] -- Up-to-date symlink: /home/robomop/robomop_ws/install/robomop_simulator/share/robomop_simulator/environment/path.dsv
[2.650s] -- Up-to-date symlink: /home/robomop/robomop_ws/install/robomop_simulator/share/robomop_simulator/local_setup.bash
[2.651s] -- Up-to-date symlink: /home/robomop/robomop_ws/install/robomop_simulator/share/robomop_simulator/local_setup.sh
[2.656s] -- Up-to-date symlink: /home/robomop/robomop_ws/install/robomop_simulator/share/robomop_simulator/local_setup.zsh
[2.656s] -- Up-to-date symlink: /home/robomop/robomop_ws/install/robomop_simulator/share/robomop_simulator/local_setup.dsv
[2.656s] -- Symlinking: /home/robomop/robomop_ws/install/robomop_simulator/share/robomop_simulator/package.dsv
[2.688s] -- Up-to-date symlink: /home/robomop/robomop_ws/install/robomop_simulator/share/ament_index/resource_index/packages/robomop_simulator
[2.688s] -- Up-to-date symlink: /home/robomop/robomop_ws/install/robomop_simulator/share/robomop_simulator/cmake/robomop_simulatorConfig.cmake
[2.688s] -- Up-to-date symlink: /home/robomop/robomop_ws/install/robomop_simulator/share/robomop_simulator/cmake/robomop_simulatorConfig-version.cmake
[2.688s] -- Up-to-date symlink: /home/robomop/robomop_ws/install/robomop_simulator/share/robomop_simulator/package.xml
[2.698s] Invoked command in '/home/robomop/robomop_ws/build/robomop_simulator' returned '0': CMAKE_PREFIX_PATH=${CMAKE_PREFIX_PATH}:/home/robomop/robomop_ws/install/robomop_driver:/opt/ros/jazzy DEBUGINFOD_URLS=https://debuginfod.ubuntu.com /usr/bin/cmake --install /home/robomop/robomop_ws/build/robomop_simulator
