[2.946s] Invoking command in '/home/robomop/robomop_ws/build/robomop_driver': DEBUGINFOD_URLS=https://debuginfod.ubuntu.com PYTHONPATH=/home/robomop/robomop_ws/build/robomop_driver/prefix_override:/usr/lib/python3/dist-packages/colcon_core/task/python/colcon_distutils_commands:/home/robomop/robomop_ws/install/robomop_driver/lib/python3.12/site-packages:${PYTHONPATH} /usr/bin/python3 -W ignore:setup.py install is deprecated setup.py develop --editable --build-directory /home/robomop/robomop_ws/build/robomop_driver/build --no-deps symlink_data
[4.007s] running develop
[4.008s] /usr/lib/python3/dist-packages/setuptools/command/develop.py:40: EasyInstallDeprecationWarning: easy_install command is deprecated.
[4.008s] !!
[4.008s] 
[4.008s]         ********************************************************************************
[4.009s]         Please avoid running ``setup.py`` and ``easy_install``.
[4.009s]         Instead, use pypa/build, pypa/installer or other
[4.009s]         standards-based tools.
[4.009s] 
[4.009s]         See https://github.com/pypa/setuptools/issues/917 for details.
[4.009s]         ********************************************************************************
[4.011s] 
[4.012s] !!
[4.012s]   easy_install.initialize_options(self)
[4.571s] running egg_info
[4.572s] creating robomop_driver.egg-info
[4.608s] writing robomop_driver.egg-info/PKG-INFO
[4.608s] writing dependency_links to robomop_driver.egg-info/dependency_links.txt
[4.611s] writing requirements to robomop_driver.egg-info/requires.txt
[4.611s] writing top-level names to robomop_driver.egg-info/top_level.txt
[4.611s] writing manifest file 'robomop_driver.egg-info/SOURCES.txt'
[4.678s] reading manifest file 'robomop_driver.egg-info/SOURCES.txt'
[4.681s] writing manifest file 'robomop_driver.egg-info/SOURCES.txt'
[4.714s] running build_ext
[4.714s] Creating /home/robomop/robomop_ws/install/robomop_driver/lib/python3.12/site-packages/robomop-driver.egg-link (link to .)
[4.715s] 
[4.715s] Installed /home/robomop/robomop_ws/build/robomop_driver
[4.715s] running symlink_data
[4.716s] creating /home/robomop/robomop_ws/install/robomop_driver/share/ament_index
[4.716s] creating /home/robomop/robomop_ws/install/robomop_driver/share/ament_index/resource_index
[4.716s] creating /home/robomop/robomop_ws/install/robomop_driver/share/ament_index/resource_index/packages
[4.716s] symbolically linking /home/robomop/robomop_ws/build/robomop_driver/resource/robomop_driver -> /home/robomop/robomop_ws/install/robomop_driver/share/ament_index/resource_index/packages
[4.716s] symbolically linking /home/robomop/robomop_ws/build/robomop_driver/package.xml -> /home/robomop/robomop_ws/install/robomop_driver/share/robomop_driver
[4.841s] Invoked command in '/home/robomop/robomop_ws/build/robomop_driver' returned '0': DEBUGINFOD_URLS=https://debuginfod.ubuntu.com PYTHONPATH=/home/robomop/robomop_ws/build/robomop_driver/prefix_override:/usr/lib/python3/dist-packages/colcon_core/task/python/colcon_distutils_commands:/home/robomop/robomop_ws/install/robomop_driver/lib/python3.12/site-packages:${PYTHONPATH} /usr/bin/python3 -W ignore:setup.py install is deprecated setup.py develop --editable --build-directory /home/robomop/robomop_ws/build/robomop_driver/build --no-deps symlink_data
