[0.630s] Invoking command in '/home/robomop/robomop_ws/build/robomop_simulator': CMAKE_PREFIX_PATH=${CMAKE_PREFIX_PATH}:/opt/ros/jazzy DEBUGINFOD_URLS=https://debuginfod.ubuntu.com /usr/bin/cmake /home/robomop/robomop_ws/src/robomop_simulator -DAMENT_CMAKE_SYMLINK_INSTALL=1 -DCMAKE_INSTALL_PREFIX=/home/robomop/robomop_ws/install/robomop_simulator
[0.845s] -- The C compiler identification is GNU 13.2.0
[1.041s] -- The CXX compiler identification is GNU 13.2.0
[1.122s] -- Detecting C compiler ABI info
[1.556s] -- Detecting C compiler ABI info - done
[1.585s] -- Check for working C compiler: /usr/bin/cc - skipped
[1.585s] -- Detecting C compile features
[1.585s] -- Detecting C compile features - done
[1.607s] -- Detecting CXX compiler ABI info
[1.973s] -- Detecting CXX compiler ABI info - done
[2.006s] -- Check for working CXX compiler: /usr/bin/c++ - skipped
[2.006s] -- Detecting CXX compile features
[2.006s] -- Detecting CXX compile features - done
[2.013s] -- Found ament_cmake: 2.5.2 (/opt/ros/jazzy/share/ament_cmake/cmake)
[2.769s] -- Found Python3: /usr/bin/python3 (found version "3.12.3") found components: Interpreter 
[3.134s] -- Override CMake install command with custom implementation using symlinks instead of copying resources
[3.210s] -- Found ament_lint_auto: 0.17.1 (/opt/ros/jazzy/share/ament_lint_auto/cmake)
[3.578s] -- Added test 'lint_cmake' to check CMake code style
[3.581s] -- Added test 'xmllint' to check XML markup files
[3.591s] -- Configuring done (2.9s)
[3.611s] -- Generating done (0.0s)
[3.617s] -- Build files have been written to: /home/robomop/robomop_ws/build/robomop_simulator
[3.645s] Invoked command in '/home/robomop/robomop_ws/build/robomop_simulator' returned '0': CMAKE_PREFIX_PATH=${CMAKE_PREFIX_PATH}:/opt/ros/jazzy DEBUGINFOD_URLS=https://debuginfod.ubuntu.com /usr/bin/cmake /home/robomop/robomop_ws/src/robomop_simulator -DAMENT_CMAKE_SYMLINK_INSTALL=1 -DCMAKE_INSTALL_PREFIX=/home/robomop/robomop_ws/install/robomop_simulator
[3.646s] Invoking command in '/home/robomop/robomop_ws/build/robomop_simulator': CMAKE_PREFIX_PATH=${CMAKE_PREFIX_PATH}:/opt/ros/jazzy DEBUGINFOD_URLS=https://debuginfod.ubuntu.com /usr/bin/cmake --build /home/robomop/robomop_ws/build/robomop_simulator -- -j4 -l4
[3.792s] Invoked command in '/home/robomop/robomop_ws/build/robomop_simulator' returned '0': CMAKE_PREFIX_PATH=${CMAKE_PREFIX_PATH}:/opt/ros/jazzy DEBUGINFOD_URLS=https://debuginfod.ubuntu.com /usr/bin/cmake --build /home/robomop/robomop_ws/build/robomop_simulator -- -j4 -l4
[3.871s] Invoking command in '/home/robomop/robomop_ws/build/robomop_simulator': CMAKE_PREFIX_PATH=${CMAKE_PREFIX_PATH}:/opt/ros/jazzy DEBUGINFOD_URLS=https://debuginfod.ubuntu.com /usr/bin/cmake --install /home/robomop/robomop_ws/build/robomop_simulator
[3.902s] -- Install configuration: ""
[3.903s] -- Execute custom install script
[3.905s] -- Symlinking: /home/robomop/robomop_ws/install/robomop_simulator/share/ament_index/resource_index/package_run_dependencies/robomop_simulator
[3.935s] -- Symlinking: /home/robomop/robomop_ws/install/robomop_simulator/share/ament_index/resource_index/parent_prefix_path/robomop_simulator
[3.963s] -- Symlinking: /home/robomop/robomop_ws/install/robomop_simulator/share/robomop_simulator/environment/ament_prefix_path.sh
[4.001s] -- Symlinking: /home/robomop/robomop_ws/install/robomop_simulator/share/robomop_simulator/environment/ament_prefix_path.dsv
[4.027s] -- Symlinking: /home/robomop/robomop_ws/install/robomop_simulator/share/robomop_simulator/environment/path.sh
[4.067s] -- Symlinking: /home/robomop/robomop_ws/install/robomop_simulator/share/robomop_simulator/environment/path.dsv
[4.134s] -- Symlinking: /home/robomop/robomop_ws/install/robomop_simulator/share/robomop_simulator/local_setup.bash
[4.182s] -- Symlinking: /home/robomop/robomop_ws/install/robomop_simulator/share/robomop_simulator/local_setup.sh
[4.216s] -- Symlinking: /home/robomop/robomop_ws/install/robomop_simulator/share/robomop_simulator/local_setup.zsh
[4.244s] -- Symlinking: /home/robomop/robomop_ws/install/robomop_simulator/share/robomop_simulator/local_setup.dsv
[4.284s] -- Symlinking: /home/robomop/robomop_ws/install/robomop_simulator/share/robomop_simulator/package.dsv
[4.308s] -- Symlinking: /home/robomop/robomop_ws/install/robomop_simulator/share/ament_index/resource_index/packages/robomop_simulator
[4.327s] -- Symlinking: /home/robomop/robomop_ws/install/robomop_simulator/share/robomop_simulator/cmake/robomop_simulatorConfig.cmake
[4.356s] -- Symlinking: /home/robomop/robomop_ws/install/robomop_simulator/share/robomop_simulator/cmake/robomop_simulatorConfig-version.cmake
[4.387s] -- Symlinking: /home/robomop/robomop_ws/install/robomop_simulator/share/robomop_simulator/package.xml
[4.432s] Invoked command in '/home/robomop/robomop_ws/build/robomop_simulator' returned '0': CMAKE_PREFIX_PATH=${CMAKE_PREFIX_PATH}:/opt/ros/jazzy DEBUGINFOD_URLS=https://debuginfod.ubuntu.com /usr/bin/cmake --install /home/robomop/robomop_ws/build/robomop_simulator
