[0.677s] Invoking command in '/home/robomop/robomop_ws/build/robomop_navigation': CMAKE_PREFIX_PATH=${CMAKE_PREFIX_PATH}:/home/robomop/robomop_ws/install/robomop_driver:/opt/ros/jazzy DEBUGINFOD_URLS=https://debuginfod.ubuntu.com /usr/bin/cmake /home/robomop/robomop_ws/src/robomop_navigation -DCMAKE_INSTALL_PREFIX=/home/robomop/robomop_ws/install/robomop_navigation
[0.737s] -- Found ament_cmake: 2.5.2 (/opt/ros/jazzy/share/ament_cmake/cmake)
[1.751s] -- Override CMake install command with custom implementation using symlinks instead of copying resources
[1.811s] -- Found ament_lint_auto: 0.17.1 (/opt/ros/jazzy/share/ament_lint_auto/cmake)
[2.246s] -- Added test 'lint_cmake' to check CMake code style
[2.247s] -- Added test 'xmllint' to check XML markup files
[2.249s] -- Configuring done (1.5s)
[2.262s] -- Generating done (0.0s)
[2.272s] -- Build files have been written to: /home/robomop/robomop_ws/build/robomop_navigation
[2.289s] Invoked command in '/home/robomop/robomop_ws/build/robomop_navigation' returned '0': CMAKE_PREFIX_PATH=${CMAKE_PREFIX_PATH}:/home/robomop/robomop_ws/install/robomop_driver:/opt/ros/jazzy DEBUGINFOD_URLS=https://debuginfod.ubuntu.com /usr/bin/cmake /home/robomop/robomop_ws/src/robomop_navigation -DCMAKE_INSTALL_PREFIX=/home/robomop/robomop_ws/install/robomop_navigation
[2.296s] Invoking command in '/home/robomop/robomop_ws/build/robomop_navigation': CMAKE_PREFIX_PATH=${CMAKE_PREFIX_PATH}:/home/robomop/robomop_ws/install/robomop_driver:/opt/ros/jazzy DEBUGINFOD_URLS=https://debuginfod.ubuntu.com /usr/bin/cmake --build /home/robomop/robomop_ws/build/robomop_navigation -- -j4 -l4
[2.426s] Invoked command in '/home/robomop/robomop_ws/build/robomop_navigation' returned '0': CMAKE_PREFIX_PATH=${CMAKE_PREFIX_PATH}:/home/robomop/robomop_ws/install/robomop_driver:/opt/ros/jazzy DEBUGINFOD_URLS=https://debuginfod.ubuntu.com /usr/bin/cmake --build /home/robomop/robomop_ws/build/robomop_navigation -- -j4 -l4
[2.496s] Invoking command in '/home/robomop/robomop_ws/build/robomop_navigation': CMAKE_PREFIX_PATH=${CMAKE_PREFIX_PATH}:/home/robomop/robomop_ws/install/robomop_driver:/opt/ros/jazzy DEBUGINFOD_URLS=https://debuginfod.ubuntu.com /usr/bin/cmake --install /home/robomop/robomop_ws/build/robomop_navigation
[2.531s] -- Install configuration: ""
[2.534s] -- Execute custom install script
[2.535s] -- Up-to-date symlink: /home/robomop/robomop_ws/install/robomop_navigation/share/ament_index/resource_index/package_run_dependencies/robomop_navigation
[2.535s] -- Up-to-date symlink: /home/robomop/robomop_ws/install/robomop_navigation/share/ament_index/resource_index/parent_prefix_path/robomop_navigation
[2.535s] -- Up-to-date symlink: /home/robomop/robomop_ws/install/robomop_navigation/share/robomop_navigation/environment/ament_prefix_path.sh
[2.535s] -- Up-to-date symlink: /home/robomop/robomop_ws/install/robomop_navigation/share/robomop_navigation/environment/ament_prefix_path.dsv
[2.535s] -- Up-to-date symlink: /home/robomop/robomop_ws/install/robomop_navigation/share/robomop_navigation/environment/path.sh
[2.535s] -- Up-to-date symlink: /home/robomop/robomop_ws/install/robomop_navigation/share/robomop_navigation/environment/path.dsv
[2.535s] -- Up-to-date symlink: /home/robomop/robomop_ws/install/robomop_navigation/share/robomop_navigation/local_setup.bash
[2.536s] -- Up-to-date symlink: /home/robomop/robomop_ws/install/robomop_navigation/share/robomop_navigation/local_setup.sh
[2.536s] -- Up-to-date symlink: /home/robomop/robomop_ws/install/robomop_navigation/share/robomop_navigation/local_setup.zsh
[2.536s] -- Up-to-date symlink: /home/robomop/robomop_ws/install/robomop_navigation/share/robomop_navigation/local_setup.dsv
[2.540s] -- Symlinking: /home/robomop/robomop_ws/install/robomop_navigation/share/robomop_navigation/package.dsv
[2.577s] -- Up-to-date symlink: /home/robomop/robomop_ws/install/robomop_navigation/share/ament_index/resource_index/packages/robomop_navigation
[2.578s] -- Up-to-date symlink: /home/robomop/robomop_ws/install/robomop_navigation/share/robomop_navigation/cmake/robomop_navigationConfig.cmake
[2.581s] -- Up-to-date symlink: /home/robomop/robomop_ws/install/robomop_navigation/share/robomop_navigation/cmake/robomop_navigationConfig-version.cmake
[2.581s] -- Up-to-date symlink: /home/robomop/robomop_ws/install/robomop_navigation/share/robomop_navigation/package.xml
[2.591s] Invoked command in '/home/robomop/robomop_ws/build/robomop_navigation' returned '0': CMAKE_PREFIX_PATH=${CMAKE_PREFIX_PATH}:/home/robomop/robomop_ws/install/robomop_driver:/opt/ros/jazzy DEBUGINFOD_URLS=https://debuginfod.ubuntu.com /usr/bin/cmake --install /home/robomop/robomop_ws/build/robomop_navigation
