[0.000000] (-) TimerEvent: {}
[0.000421] (robomop_description) JobQueued: {'identifier': 'robomop_description', 'dependencies': OrderedDict()}
[0.000819] (robomop_driver) JobQueued: {'identifier': 'robomop_driver', 'dependencies': OrderedDict()}
[0.001173] (robomop_navigation) JobQueued: {'identifier': 'robomop_navigation', 'dependencies': OrderedDict()}
[0.001324] (robomop_simulator) JobQueued: {'identifier': 'robomop_simulator', 'dependencies': OrderedDict()}
[0.001385] (robomop_description) JobStarted: {'identifier': 'robomop_description'}
[0.014098] (robomop_driver) JobStarted: {'identifier': 'robomop_driver'}
[0.029096] (robomop_navigation) JobStarted: {'identifier': 'robomop_navigation'}
[0.038779] (robomop_simulator) JobStarted: {'identifier': 'robomop_simulator'}
[0.052512] (robomop_description) JobProgress: {'identifier': 'robomop_description', 'progress': 'cmake'}
[0.057868] (robomop_description) Command: {'cmd': ['/usr/bin/cmake', '/home/robomop/robomop_ws/src/robomop_description', '-DAMENT_CMAKE_SYMLINK_INSTALL=1', '-DCMAKE_INSTALL_PREFIX=/home/robomop/robomop_ws/install/robomop_description'], 'cwd': '/home/robomop/robomop_ws/build/robomop_description', 'env': OrderedDict({'GJS_DEBUG_TOPICS': 'JS ERROR;JS LOG', 'LANGUAGE': 'en', 'USER': 'robomop', 'XDG_SESSION_TYPE': 'x11', 'GIT_ASKPASS': '/usr/share/code/resources/app/extensions/git/dist/askpass.sh', 'SHLVL': '1', 'LD_LIBRARY_PATH': '/opt/ros/jazzy/opt/rviz_ogre_vendor/lib:/opt/ros/jazzy/lib/aarch64-linux-gnu:/opt/ros/jazzy/opt/gz_math_vendor/lib:/opt/ros/jazzy/opt/gz_utils_vendor/lib:/opt/ros/jazzy/opt/gz_cmake_vendor/lib:/opt/ros/jazzy/lib', 'HOME': '/home/robomop', 'CHROME_DESKTOP': 'code-url-handler.desktop', 'TERM_PROGRAM_VERSION': '1.93.1', 'DESKTOP_SESSION': 'ubuntu', 'GIO_LAUNCHED_DESKTOP_FILE': '/usr/share/applications/code.desktop', 'ROS_PYTHON_VERSION': '3', 'GNOME_SHELL_SESSION_MODE': 'ubuntu', 'GTK_MODULES': 'gail:atk-bridge', 'XDG_SEAT_PATH': '/org/freedesktop/DisplayManager/Seat0', 'VSCODE_GIT_ASKPASS_MAIN': '/usr/share/code/resources/app/extensions/git/dist/askpass-main.js', 'VSCODE_GIT_ASKPASS_NODE': '/usr/share/code/code', 'MANAGERPID': '1834', 'SYSTEMD_EXEC_PID': '2103', 'GSM_SKIP_SSH_AGENT_WORKAROUND': 'true', 'DBUS_SESSION_BUS_ADDRESS': 'unix:path=/run/user/1002/bus', 'COLORTERM': 'truecolor', 'GIO_LAUNCHED_DESKTOP_FILE_PID': '3335', 'DEBUGINFOD_URLS': 'https://debuginfod.ubuntu.com', 'IM_CONFIG_PHASE': '1', 'ROS_DISTRO': 'jazzy', 'LOGNAME': 'robomop', 'JOURNAL_STREAM': '8:18643', '_': '/usr/bin/colcon', 'ROS_VERSION': '2', 'MEMORY_PRESSURE_WATCH': '/sys/fs/cgroup/user.slice/user-1002.slice/user@1002.service/session.slice/org.gnome.Shell@x11.service/memory.pressure', 'XDG_SESSION_CLASS': 'user', 'TERM': 'xterm-256color', 'GNOME_DESKTOP_SESSION_ID': 'this-is-deprecated', 'PATH': '/opt/ros/jazzy/bin:/usr/local/sbin:/usr/local/bin:/usr/sbin:/usr/bin:/sbin:/bin:/usr/games:/usr/local/games:/snap/bin', 'SESSION_MANAGER': 'local/robomop:@/tmp/.ICE-unix/2072,unix/robomop:/tmp/.ICE-unix/2072', 'GDM_LANG': 'en', 'INVOCATION_ID': '2353ac0fabec44ed8553e502ca4f366a', 'XDG_SESSION_PATH': '/org/freedesktop/DisplayManager/Session0', 'XDG_MENU_PREFIX': 'gnome-', 'XDG_RUNTIME_DIR': '/run/user/1002', 'GDK_BACKEND': 'x11', 'DISPLAY': ':0', 'LANG': 'en_US.UTF-8', 'XDG_CURRENT_DESKTOP': 'Unity', 'XMODIFIERS': '@im=ibus', 'XDG_SESSION_DESKTOP': 'ubuntu', 'XAUTHORITY': '/home/robomop/.Xauthority', 'VSCODE_GIT_IPC_HANDLE': '/run/user/1002/vscode-git-684981cbd7.sock', 'TERM_PROGRAM': 'vscode', 'SSH_AUTH_SOCK': '/run/user/1002/keyring/ssh', 'XDG_GREETER_DATA_DIR': '/var/lib/lightdm-data/robomop', 'AMENT_PREFIX_PATH': '/opt/ros/jazzy', 'ORIGINAL_XDG_CURRENT_DESKTOP': 'ubuntu:GNOME', 'SHELL': '/bin/bash', 'QT_ACCESSIBILITY': '1', 'GDMSESSION': 'ubuntu', 'GPG_AGENT_INFO': '/run/user/1002/gnupg/S.gpg-agent:0:1', 'GJS_DEBUG_OUTPUT': 'stderr', 'ROS_AUTOMATIC_DISCOVERY_RANGE': 'SUBNET', 'VSCODE_GIT_ASKPASS_EXTRA_ARGS': '', 'QT_IM_MODULE': 'ibus', 'PWD': '/home/robomop/robomop_ws/build/robomop_description', 'LC_ALL': 'en_US.UTF-8', 'XDG_CONFIG_DIRS': '/etc/xdg/xdg-ubuntu:/etc/xdg', 'XDG_DATA_DIRS': '/usr/share/ubuntu:/usr/share/gnome:/usr/local/share:/usr/share:/var/lib/snapd/desktop', 'PYTHONPATH': '/opt/ros/jazzy/lib/python3.12/site-packages', 'COLCON': '1', 'MEMORY_PRESSURE_WRITE': 'c29tZSAyMDAwMDAgMjAwMDAwMAA=', 'CMAKE_PREFIX_PATH': '/opt/ros/jazzy/opt/gz_math_vendor:/opt/ros/jazzy/opt/gz_utils_vendor:/opt/ros/jazzy/opt/gz_cmake_vendor:/opt/ros/jazzy'}), 'shell': False}
[0.099720] (-) TimerEvent: {}
[0.201099] (-) TimerEvent: {}
[0.302555] (-) TimerEvent: {}
[0.405804] (-) TimerEvent: {}
[0.506231] (-) TimerEvent: {}
[0.606757] (-) TimerEvent: {}
[0.642297] (robomop_navigation) JobProgress: {'identifier': 'robomop_navigation', 'progress': 'cmake'}
[0.642543] (robomop_navigation) Command: {'cmd': ['/usr/bin/cmake', '/home/robomop/robomop_ws/src/robomop_navigation', '-DAMENT_CMAKE_SYMLINK_INSTALL=1', '-DCMAKE_INSTALL_PREFIX=/home/robomop/robomop_ws/install/robomop_navigation'], 'cwd': '/home/robomop/robomop_ws/build/robomop_navigation', 'env': OrderedDict({'GJS_DEBUG_TOPICS': 'JS ERROR;JS LOG', 'LANGUAGE': 'en', 'USER': 'robomop', 'XDG_SESSION_TYPE': 'x11', 'GIT_ASKPASS': '/usr/share/code/resources/app/extensions/git/dist/askpass.sh', 'SHLVL': '1', 'LD_LIBRARY_PATH': '/opt/ros/jazzy/opt/rviz_ogre_vendor/lib:/opt/ros/jazzy/lib/aarch64-linux-gnu:/opt/ros/jazzy/opt/gz_math_vendor/lib:/opt/ros/jazzy/opt/gz_utils_vendor/lib:/opt/ros/jazzy/opt/gz_cmake_vendor/lib:/opt/ros/jazzy/lib', 'HOME': '/home/robomop', 'CHROME_DESKTOP': 'code-url-handler.desktop', 'TERM_PROGRAM_VERSION': '1.93.1', 'DESKTOP_SESSION': 'ubuntu', 'GIO_LAUNCHED_DESKTOP_FILE': '/usr/share/applications/code.desktop', 'ROS_PYTHON_VERSION': '3', 'GNOME_SHELL_SESSION_MODE': 'ubuntu', 'GTK_MODULES': 'gail:atk-bridge', 'XDG_SEAT_PATH': '/org/freedesktop/DisplayManager/Seat0', 'VSCODE_GIT_ASKPASS_MAIN': '/usr/share/code/resources/app/extensions/git/dist/askpass-main.js', 'VSCODE_GIT_ASKPASS_NODE': '/usr/share/code/code', 'MANAGERPID': '1834', 'SYSTEMD_EXEC_PID': '2103', 'GSM_SKIP_SSH_AGENT_WORKAROUND': 'true', 'DBUS_SESSION_BUS_ADDRESS': 'unix:path=/run/user/1002/bus', 'COLORTERM': 'truecolor', 'GIO_LAUNCHED_DESKTOP_FILE_PID': '3335', 'DEBUGINFOD_URLS': 'https://debuginfod.ubuntu.com', 'IM_CONFIG_PHASE': '1', 'ROS_DISTRO': 'jazzy', 'LOGNAME': 'robomop', 'JOURNAL_STREAM': '8:18643', '_': '/usr/bin/colcon', 'ROS_VERSION': '2', 'MEMORY_PRESSURE_WATCH': '/sys/fs/cgroup/user.slice/user-1002.slice/user@1002.service/session.slice/org.gnome.Shell@x11.service/memory.pressure', 'XDG_SESSION_CLASS': 'user', 'TERM': 'xterm-256color', 'GNOME_DESKTOP_SESSION_ID': 'this-is-deprecated', 'PATH': '/opt/ros/jazzy/bin:/usr/local/sbin:/usr/local/bin:/usr/sbin:/usr/bin:/sbin:/bin:/usr/games:/usr/local/games:/snap/bin', 'SESSION_MANAGER': 'local/robomop:@/tmp/.ICE-unix/2072,unix/robomop:/tmp/.ICE-unix/2072', 'GDM_LANG': 'en', 'INVOCATION_ID': '2353ac0fabec44ed8553e502ca4f366a', 'XDG_SESSION_PATH': '/org/freedesktop/DisplayManager/Session0', 'XDG_MENU_PREFIX': 'gnome-', 'XDG_RUNTIME_DIR': '/run/user/1002', 'GDK_BACKEND': 'x11', 'DISPLAY': ':0', 'LANG': 'en_US.UTF-8', 'XDG_CURRENT_DESKTOP': 'Unity', 'XMODIFIERS': '@im=ibus', 'XDG_SESSION_DESKTOP': 'ubuntu', 'XAUTHORITY': '/home/robomop/.Xauthority', 'VSCODE_GIT_IPC_HANDLE': '/run/user/1002/vscode-git-684981cbd7.sock', 'TERM_PROGRAM': 'vscode', 'SSH_AUTH_SOCK': '/run/user/1002/keyring/ssh', 'XDG_GREETER_DATA_DIR': '/var/lib/lightdm-data/robomop', 'AMENT_PREFIX_PATH': '/opt/ros/jazzy', 'ORIGINAL_XDG_CURRENT_DESKTOP': 'ubuntu:GNOME', 'SHELL': '/bin/bash', 'QT_ACCESSIBILITY': '1', 'GDMSESSION': 'ubuntu', 'GPG_AGENT_INFO': '/run/user/1002/gnupg/S.gpg-agent:0:1', 'GJS_DEBUG_OUTPUT': 'stderr', 'ROS_AUTOMATIC_DISCOVERY_RANGE': 'SUBNET', 'VSCODE_GIT_ASKPASS_EXTRA_ARGS': '', 'QT_IM_MODULE': 'ibus', 'PWD': '/home/robomop/robomop_ws/build/robomop_navigation', 'LC_ALL': 'en_US.UTF-8', 'XDG_CONFIG_DIRS': '/etc/xdg/xdg-ubuntu:/etc/xdg', 'XDG_DATA_DIRS': '/usr/share/ubuntu:/usr/share/gnome:/usr/local/share:/usr/share:/var/lib/snapd/desktop', 'PYTHONPATH': '/opt/ros/jazzy/lib/python3.12/site-packages', 'COLCON': '1', 'MEMORY_PRESSURE_WRITE': 'c29tZSAyMDAwMDAgMjAwMDAwMAA=', 'CMAKE_PREFIX_PATH': '/opt/ros/jazzy/opt/gz_math_vendor:/opt/ros/jazzy/opt/gz_utils_vendor:/opt/ros/jazzy/opt/gz_cmake_vendor:/opt/ros/jazzy'}), 'shell': False}
[0.649217] (robomop_description) StdoutLine: {'line': b'-- The C compiler identification is GNU 13.2.0\n'}
[0.650114] (robomop_description) StdoutLine: {'line': b'-- The CXX compiler identification is GNU 13.2.0\n'}
[0.650339] (robomop_description) StdoutLine: {'line': b'-- Detecting C compiler ABI info\n'}
[0.661823] (robomop_simulator) JobProgress: {'identifier': 'robomop_simulator', 'progress': 'cmake'}
[0.662396] (robomop_simulator) Command: {'cmd': ['/usr/bin/cmake', '/home/robomop/robomop_ws/src/robomop_simulator', '-DAMENT_CMAKE_SYMLINK_INSTALL=1', '-DCMAKE_INSTALL_PREFIX=/home/robomop/robomop_ws/install/robomop_simulator'], 'cwd': '/home/robomop/robomop_ws/build/robomop_simulator', 'env': OrderedDict({'GJS_DEBUG_TOPICS': 'JS ERROR;JS LOG', 'LANGUAGE': 'en', 'USER': 'robomop', 'XDG_SESSION_TYPE': 'x11', 'GIT_ASKPASS': '/usr/share/code/resources/app/extensions/git/dist/askpass.sh', 'SHLVL': '1', 'LD_LIBRARY_PATH': '/opt/ros/jazzy/opt/rviz_ogre_vendor/lib:/opt/ros/jazzy/lib/aarch64-linux-gnu:/opt/ros/jazzy/opt/gz_math_vendor/lib:/opt/ros/jazzy/opt/gz_utils_vendor/lib:/opt/ros/jazzy/opt/gz_cmake_vendor/lib:/opt/ros/jazzy/lib', 'HOME': '/home/robomop', 'CHROME_DESKTOP': 'code-url-handler.desktop', 'TERM_PROGRAM_VERSION': '1.93.1', 'DESKTOP_SESSION': 'ubuntu', 'GIO_LAUNCHED_DESKTOP_FILE': '/usr/share/applications/code.desktop', 'ROS_PYTHON_VERSION': '3', 'GNOME_SHELL_SESSION_MODE': 'ubuntu', 'GTK_MODULES': 'gail:atk-bridge', 'XDG_SEAT_PATH': '/org/freedesktop/DisplayManager/Seat0', 'VSCODE_GIT_ASKPASS_MAIN': '/usr/share/code/resources/app/extensions/git/dist/askpass-main.js', 'VSCODE_GIT_ASKPASS_NODE': '/usr/share/code/code', 'MANAGERPID': '1834', 'SYSTEMD_EXEC_PID': '2103', 'GSM_SKIP_SSH_AGENT_WORKAROUND': 'true', 'DBUS_SESSION_BUS_ADDRESS': 'unix:path=/run/user/1002/bus', 'COLORTERM': 'truecolor', 'GIO_LAUNCHED_DESKTOP_FILE_PID': '3335', 'DEBUGINFOD_URLS': 'https://debuginfod.ubuntu.com', 'IM_CONFIG_PHASE': '1', 'ROS_DISTRO': 'jazzy', 'LOGNAME': 'robomop', 'JOURNAL_STREAM': '8:18643', '_': '/usr/bin/colcon', 'ROS_VERSION': '2', 'MEMORY_PRESSURE_WATCH': '/sys/fs/cgroup/user.slice/user-1002.slice/user@1002.service/session.slice/org.gnome.Shell@x11.service/memory.pressure', 'XDG_SESSION_CLASS': 'user', 'TERM': 'xterm-256color', 'GNOME_DESKTOP_SESSION_ID': 'this-is-deprecated', 'PATH': '/opt/ros/jazzy/bin:/usr/local/sbin:/usr/local/bin:/usr/sbin:/usr/bin:/sbin:/bin:/usr/games:/usr/local/games:/snap/bin', 'SESSION_MANAGER': 'local/robomop:@/tmp/.ICE-unix/2072,unix/robomop:/tmp/.ICE-unix/2072', 'GDM_LANG': 'en', 'INVOCATION_ID': '2353ac0fabec44ed8553e502ca4f366a', 'XDG_SESSION_PATH': '/org/freedesktop/DisplayManager/Session0', 'XDG_MENU_PREFIX': 'gnome-', 'XDG_RUNTIME_DIR': '/run/user/1002', 'GDK_BACKEND': 'x11', 'DISPLAY': ':0', 'LANG': 'en_US.UTF-8', 'XDG_CURRENT_DESKTOP': 'Unity', 'XMODIFIERS': '@im=ibus', 'XDG_SESSION_DESKTOP': 'ubuntu', 'XAUTHORITY': '/home/robomop/.Xauthority', 'VSCODE_GIT_IPC_HANDLE': '/run/user/1002/vscode-git-684981cbd7.sock', 'TERM_PROGRAM': 'vscode', 'SSH_AUTH_SOCK': '/run/user/1002/keyring/ssh', 'XDG_GREETER_DATA_DIR': '/var/lib/lightdm-data/robomop', 'AMENT_PREFIX_PATH': '/opt/ros/jazzy', 'ORIGINAL_XDG_CURRENT_DESKTOP': 'ubuntu:GNOME', 'SHELL': '/bin/bash', 'QT_ACCESSIBILITY': '1', 'GDMSESSION': 'ubuntu', 'GPG_AGENT_INFO': '/run/user/1002/gnupg/S.gpg-agent:0:1', 'GJS_DEBUG_OUTPUT': 'stderr', 'ROS_AUTOMATIC_DISCOVERY_RANGE': 'SUBNET', 'VSCODE_GIT_ASKPASS_EXTRA_ARGS': '', 'QT_IM_MODULE': 'ibus', 'PWD': '/home/robomop/robomop_ws/build/robomop_simulator', 'LC_ALL': 'en_US.UTF-8', 'XDG_CONFIG_DIRS': '/etc/xdg/xdg-ubuntu:/etc/xdg', 'XDG_DATA_DIRS': '/usr/share/ubuntu:/usr/share/gnome:/usr/local/share:/usr/share:/var/lib/snapd/desktop', 'PYTHONPATH': '/opt/ros/jazzy/lib/python3.12/site-packages', 'COLCON': '1', 'MEMORY_PRESSURE_WRITE': 'c29tZSAyMDAwMDAgMjAwMDAwMAA=', 'CMAKE_PREFIX_PATH': '/opt/ros/jazzy/opt/gz_math_vendor:/opt/ros/jazzy/opt/gz_utils_vendor:/opt/ros/jazzy/opt/gz_cmake_vendor:/opt/ros/jazzy'}), 'shell': False}
[0.707002] (-) TimerEvent: {}
[0.712613] (robomop_description) StdoutLine: {'line': b'-- Detecting C compiler ABI info - done\n'}
[0.742176] (robomop_description) StdoutLine: {'line': b'-- Check for working C compiler: /usr/bin/cc - skipped\n'}
[0.751535] (robomop_description) StdoutLine: {'line': b'-- Detecting C compile features\n'}
[0.755508] (robomop_description) StdoutLine: {'line': b'-- Detecting C compile features - done\n'}
[0.802373] (robomop_description) StdoutLine: {'line': b'-- Detecting CXX compiler ABI info\n'}
[0.810878] (-) TimerEvent: {}
[0.825382] (robomop_navigation) StdoutLine: {'line': b'-- The C compiler identification is GNU 13.2.0\n'}
[0.883557] (robomop_simulator) StdoutLine: {'line': b'-- The C compiler identification is GNU 13.2.0\n'}
[0.911196] (-) TimerEvent: {}
[1.011879] (-) TimerEvent: {}
[1.068088] (robomop_navigation) StdoutLine: {'line': b'-- The CXX compiler identification is GNU 13.2.0\n'}
[1.079243] (robomop_simulator) StdoutLine: {'line': b'-- The CXX compiler identification is GNU 13.2.0\n'}
[1.113615] (-) TimerEvent: {}
[1.131889] (robomop_navigation) StdoutLine: {'line': b'-- Detecting C compiler ABI info\n'}
[1.160863] (robomop_simulator) StdoutLine: {'line': b'-- Detecting C compiler ABI info\n'}
[1.214742] (-) TimerEvent: {}
[1.317512] (robomop_description) StdoutLine: {'line': b'-- Detecting CXX compiler ABI info - done\n'}
[1.317901] (-) TimerEvent: {}
[1.343153] (robomop_description) StdoutLine: {'line': b'-- Check for working CXX compiler: /usr/bin/c++ - skipped\n'}
[1.346034] (robomop_description) StdoutLine: {'line': b'-- Detecting CXX compile features\n'}
[1.349138] (robomop_description) StdoutLine: {'line': b'-- Detecting CXX compile features - done\n'}
[1.362507] (robomop_description) StdoutLine: {'line': b'-- Found ament_cmake: 2.5.2 (/opt/ros/jazzy/share/ament_cmake/cmake)\n'}
[1.420506] (-) TimerEvent: {}
[1.521075] (-) TimerEvent: {}
[1.594514] (robomop_simulator) StdoutLine: {'line': b'-- Detecting C compiler ABI info - done\n'}
[1.595511] (robomop_navigation) StdoutLine: {'line': b'-- Detecting C compiler ABI info - done\n'}
[1.620478] (robomop_navigation) StdoutLine: {'line': b'-- Check for working C compiler: /usr/bin/cc - skipped\n'}
[1.621054] (robomop_navigation) StdoutLine: {'line': b'-- Detecting C compile features\n'}
[1.621263] (-) TimerEvent: {}
[1.623511] (robomop_simulator) StdoutLine: {'line': b'-- Check for working C compiler: /usr/bin/cc - skipped\n'}
[1.623897] (robomop_simulator) StdoutLine: {'line': b'-- Detecting C compile features\n'}
[1.624050] (robomop_simulator) StdoutLine: {'line': b'-- Detecting C compile features - done\n'}
[1.625493] (robomop_navigation) StdoutLine: {'line': b'-- Detecting C compile features - done\n'}
[1.645205] (robomop_navigation) StdoutLine: {'line': b'-- Detecting CXX compiler ABI info\n'}
[1.645943] (robomop_simulator) StdoutLine: {'line': b'-- Detecting CXX compiler ABI info\n'}
[1.721454] (-) TimerEvent: {}
[1.822785] (-) TimerEvent: {}
[1.898142] (robomop_description) StdoutLine: {'line': b'-- Found Python3: /usr/bin/python3 (found version "3.12.3") found components: Interpreter \n'}
[1.922973] (-) TimerEvent: {}
[2.011290] (robomop_simulator) StdoutLine: {'line': b'-- Detecting CXX compiler ABI info - done\n'}
[2.026436] (-) TimerEvent: {}
[2.041626] (robomop_navigation) StdoutLine: {'line': b'-- Detecting CXX compiler ABI info - done\n'}
[2.042276] (robomop_simulator) StdoutLine: {'line': b'-- Check for working CXX compiler: /usr/bin/c++ - skipped\n'}
[2.044770] (robomop_simulator) StdoutLine: {'line': b'-- Detecting CXX compile features\n'}
[2.044932] (robomop_simulator) StdoutLine: {'line': b'-- Detecting CXX compile features - done\n'}
[2.052024] (robomop_simulator) StdoutLine: {'line': b'-- Found ament_cmake: 2.5.2 (/opt/ros/jazzy/share/ament_cmake/cmake)\n'}
[2.065105] (robomop_navigation) StdoutLine: {'line': b'-- Check for working CXX compiler: /usr/bin/c++ - skipped\n'}
[2.066928] (robomop_navigation) StdoutLine: {'line': b'-- Detecting CXX compile features\n'}
[2.068720] (robomop_navigation) StdoutLine: {'line': b'-- Detecting CXX compile features - done\n'}
[2.076862] (robomop_navigation) StdoutLine: {'line': b'-- Found ament_cmake: 2.5.2 (/opt/ros/jazzy/share/ament_cmake/cmake)\n'}
[2.127495] (-) TimerEvent: {}
[2.170927] (robomop_description) StdoutLine: {'line': b'-- Override CMake install command with custom implementation using symlinks instead of copying resources\n'}
[2.228544] (-) TimerEvent: {}
[2.253952] (robomop_description) StdoutLine: {'line': b'-- Found ament_lint_auto: 0.17.1 (/opt/ros/jazzy/share/ament_lint_auto/cmake)\n'}
[2.330588] (-) TimerEvent: {}
[2.431888] (-) TimerEvent: {}
[2.533550] (-) TimerEvent: {}
[2.636527] (robomop_description) StdoutLine: {'line': b"-- Added test 'flake8' to check Python code syntax and style conventions\n"}
[2.637071] (-) TimerEvent: {}
[2.642571] (robomop_description) StdoutLine: {'line': b"-- Configured 'flake8' exclude dirs and/or files: \n"}
[2.643169] (robomop_description) StdoutLine: {'line': b"-- Added test 'lint_cmake' to check CMake code style\n"}
[2.647207] (robomop_description) StdoutLine: {'line': b"-- Added test 'pep257' to check Python code against some of the docstring style conventions in PEP 257\n"}
[2.657443] (robomop_description) StdoutLine: {'line': b"-- Added test 'xmllint' to check XML markup files\n"}
[2.668638] (robomop_description) StdoutLine: {'line': b'-- Configuring done (2.6s)\n'}
[2.701504] (robomop_description) StdoutLine: {'line': b'-- Generating done (0.0s)\n'}
[2.714215] (robomop_description) StdoutLine: {'line': b'-- Build files have been written to: /home/robomop/robomop_ws/build/robomop_description\n'}
[2.737256] (-) TimerEvent: {}
[2.755596] (robomop_description) CommandEnded: {'returncode': 0}
[2.756476] (robomop_description) JobProgress: {'identifier': 'robomop_description', 'progress': 'build'}
[2.756567] (robomop_description) Command: {'cmd': ['/usr/bin/cmake', '--build', '/home/robomop/robomop_ws/build/robomop_description', '--', '-j4', '-l4'], 'cwd': '/home/robomop/robomop_ws/build/robomop_description', 'env': OrderedDict({'GJS_DEBUG_TOPICS': 'JS ERROR;JS LOG', 'LANGUAGE': 'en', 'USER': 'robomop', 'XDG_SESSION_TYPE': 'x11', 'GIT_ASKPASS': '/usr/share/code/resources/app/extensions/git/dist/askpass.sh', 'SHLVL': '1', 'LD_LIBRARY_PATH': '/opt/ros/jazzy/opt/rviz_ogre_vendor/lib:/opt/ros/jazzy/lib/aarch64-linux-gnu:/opt/ros/jazzy/opt/gz_math_vendor/lib:/opt/ros/jazzy/opt/gz_utils_vendor/lib:/opt/ros/jazzy/opt/gz_cmake_vendor/lib:/opt/ros/jazzy/lib', 'HOME': '/home/robomop', 'CHROME_DESKTOP': 'code-url-handler.desktop', 'TERM_PROGRAM_VERSION': '1.93.1', 'DESKTOP_SESSION': 'ubuntu', 'GIO_LAUNCHED_DESKTOP_FILE': '/usr/share/applications/code.desktop', 'ROS_PYTHON_VERSION': '3', 'GNOME_SHELL_SESSION_MODE': 'ubuntu', 'GTK_MODULES': 'gail:atk-bridge', 'XDG_SEAT_PATH': '/org/freedesktop/DisplayManager/Seat0', 'VSCODE_GIT_ASKPASS_MAIN': '/usr/share/code/resources/app/extensions/git/dist/askpass-main.js', 'VSCODE_GIT_ASKPASS_NODE': '/usr/share/code/code', 'MANAGERPID': '1834', 'SYSTEMD_EXEC_PID': '2103', 'GSM_SKIP_SSH_AGENT_WORKAROUND': 'true', 'DBUS_SESSION_BUS_ADDRESS': 'unix:path=/run/user/1002/bus', 'COLORTERM': 'truecolor', 'GIO_LAUNCHED_DESKTOP_FILE_PID': '3335', 'DEBUGINFOD_URLS': 'https://debuginfod.ubuntu.com', 'IM_CONFIG_PHASE': '1', 'ROS_DISTRO': 'jazzy', 'LOGNAME': 'robomop', 'JOURNAL_STREAM': '8:18643', '_': '/usr/bin/colcon', 'ROS_VERSION': '2', 'MEMORY_PRESSURE_WATCH': '/sys/fs/cgroup/user.slice/user-1002.slice/user@1002.service/session.slice/org.gnome.Shell@x11.service/memory.pressure', 'XDG_SESSION_CLASS': 'user', 'TERM': 'xterm-256color', 'GNOME_DESKTOP_SESSION_ID': 'this-is-deprecated', 'PATH': '/opt/ros/jazzy/bin:/usr/local/sbin:/usr/local/bin:/usr/sbin:/usr/bin:/sbin:/bin:/usr/games:/usr/local/games:/snap/bin', 'SESSION_MANAGER': 'local/robomop:@/tmp/.ICE-unix/2072,unix/robomop:/tmp/.ICE-unix/2072', 'GDM_LANG': 'en', 'INVOCATION_ID': '2353ac0fabec44ed8553e502ca4f366a', 'XDG_SESSION_PATH': '/org/freedesktop/DisplayManager/Session0', 'XDG_MENU_PREFIX': 'gnome-', 'XDG_RUNTIME_DIR': '/run/user/1002', 'GDK_BACKEND': 'x11', 'DISPLAY': ':0', 'LANG': 'en_US.UTF-8', 'XDG_CURRENT_DESKTOP': 'Unity', 'XMODIFIERS': '@im=ibus', 'XDG_SESSION_DESKTOP': 'ubuntu', 'XAUTHORITY': '/home/robomop/.Xauthority', 'VSCODE_GIT_IPC_HANDLE': '/run/user/1002/vscode-git-684981cbd7.sock', 'TERM_PROGRAM': 'vscode', 'SSH_AUTH_SOCK': '/run/user/1002/keyring/ssh', 'XDG_GREETER_DATA_DIR': '/var/lib/lightdm-data/robomop', 'AMENT_PREFIX_PATH': '/opt/ros/jazzy', 'ORIGINAL_XDG_CURRENT_DESKTOP': 'ubuntu:GNOME', 'SHELL': '/bin/bash', 'QT_ACCESSIBILITY': '1', 'GDMSESSION': 'ubuntu', 'GPG_AGENT_INFO': '/run/user/1002/gnupg/S.gpg-agent:0:1', 'GJS_DEBUG_OUTPUT': 'stderr', 'ROS_AUTOMATIC_DISCOVERY_RANGE': 'SUBNET', 'VSCODE_GIT_ASKPASS_EXTRA_ARGS': '', 'QT_IM_MODULE': 'ibus', 'PWD': '/home/robomop/robomop_ws/build/robomop_description', 'LC_ALL': 'en_US.UTF-8', 'XDG_CONFIG_DIRS': '/etc/xdg/xdg-ubuntu:/etc/xdg', 'XDG_DATA_DIRS': '/usr/share/ubuntu:/usr/share/gnome:/usr/local/share:/usr/share:/var/lib/snapd/desktop', 'PYTHONPATH': '/opt/ros/jazzy/lib/python3.12/site-packages', 'COLCON': '1', 'MEMORY_PRESSURE_WRITE': 'c29tZSAyMDAwMDAgMjAwMDAwMAA=', 'CMAKE_PREFIX_PATH': '/opt/ros/jazzy/opt/gz_math_vendor:/opt/ros/jazzy/opt/gz_utils_vendor:/opt/ros/jazzy/opt/gz_cmake_vendor:/opt/ros/jazzy'}), 'shell': False}
[2.800569] (robomop_navigation) StdoutLine: {'line': b'-- Found Python3: /usr/bin/python3 (found version "3.12.3") found components: Interpreter \n'}
[2.807673] (robomop_simulator) StdoutLine: {'line': b'-- Found Python3: /usr/bin/python3 (found version "3.12.3") found components: Interpreter \n'}
[2.839233] (-) TimerEvent: {}
[2.934928] (robomop_description) CommandEnded: {'returncode': 0}
[2.941742] (-) TimerEvent: {}
[2.958854] (robomop_driver) Command: {'cmd': ['/usr/bin/python3', '-W', 'ignore:setup.py install is deprecated', 'setup.py', 'develop', '--editable', '--build-directory', '/home/robomop/robomop_ws/build/robomop_driver/build', '--no-deps', 'symlink_data'], 'cwd': '/home/robomop/robomop_ws/build/robomop_driver', 'env': {'GJS_DEBUG_TOPICS': 'JS ERROR;JS LOG', 'LANGUAGE': 'en', 'USER': 'robomop', 'XDG_SESSION_TYPE': 'x11', 'GIT_ASKPASS': '/usr/share/code/resources/app/extensions/git/dist/askpass.sh', 'SHLVL': '1', 'LD_LIBRARY_PATH': '/opt/ros/jazzy/opt/rviz_ogre_vendor/lib:/opt/ros/jazzy/lib/aarch64-linux-gnu:/opt/ros/jazzy/opt/gz_math_vendor/lib:/opt/ros/jazzy/opt/gz_utils_vendor/lib:/opt/ros/jazzy/opt/gz_cmake_vendor/lib:/opt/ros/jazzy/lib', 'HOME': '/home/robomop', 'CHROME_DESKTOP': 'code-url-handler.desktop', 'TERM_PROGRAM_VERSION': '1.93.1', 'DESKTOP_SESSION': 'ubuntu', 'GIO_LAUNCHED_DESKTOP_FILE': '/usr/share/applications/code.desktop', 'ROS_PYTHON_VERSION': '3', 'GNOME_SHELL_SESSION_MODE': 'ubuntu', 'GTK_MODULES': 'gail:atk-bridge', 'XDG_SEAT_PATH': '/org/freedesktop/DisplayManager/Seat0', 'VSCODE_GIT_ASKPASS_MAIN': '/usr/share/code/resources/app/extensions/git/dist/askpass-main.js', 'VSCODE_GIT_ASKPASS_NODE': '/usr/share/code/code', 'MANAGERPID': '1834', 'SYSTEMD_EXEC_PID': '2103', 'GSM_SKIP_SSH_AGENT_WORKAROUND': 'true', 'DBUS_SESSION_BUS_ADDRESS': 'unix:path=/run/user/1002/bus', 'COLORTERM': 'truecolor', 'GIO_LAUNCHED_DESKTOP_FILE_PID': '3335', 'DEBUGINFOD_URLS': 'https://debuginfod.ubuntu.com', 'IM_CONFIG_PHASE': '1', 'ROS_DISTRO': 'jazzy', 'LOGNAME': 'robomop', 'JOURNAL_STREAM': '8:18643', '_': '/usr/bin/colcon', 'ROS_VERSION': '2', 'MEMORY_PRESSURE_WATCH': '/sys/fs/cgroup/user.slice/user-1002.slice/user@1002.service/session.slice/org.gnome.Shell@x11.service/memory.pressure', 'XDG_SESSION_CLASS': 'user', 'TERM': 'xterm-256color', 'GNOME_DESKTOP_SESSION_ID': 'this-is-deprecated', 'PATH': '/opt/ros/jazzy/bin:/usr/local/sbin:/usr/local/bin:/usr/sbin:/usr/bin:/sbin:/bin:/usr/games:/usr/local/games:/snap/bin', 'SESSION_MANAGER': 'local/robomop:@/tmp/.ICE-unix/2072,unix/robomop:/tmp/.ICE-unix/2072', 'GDM_LANG': 'en', 'INVOCATION_ID': '2353ac0fabec44ed8553e502ca4f366a', 'XDG_SESSION_PATH': '/org/freedesktop/DisplayManager/Session0', 'XDG_MENU_PREFIX': 'gnome-', 'XDG_RUNTIME_DIR': '/run/user/1002', 'GDK_BACKEND': 'x11', 'DISPLAY': ':0', 'LANG': 'en_US.UTF-8', 'XDG_CURRENT_DESKTOP': 'Unity', 'XMODIFIERS': '@im=ibus', 'XDG_SESSION_DESKTOP': 'ubuntu', 'XAUTHORITY': '/home/robomop/.Xauthority', 'VSCODE_GIT_IPC_HANDLE': '/run/user/1002/vscode-git-684981cbd7.sock', 'TERM_PROGRAM': 'vscode', 'SSH_AUTH_SOCK': '/run/user/1002/keyring/ssh', 'XDG_GREETER_DATA_DIR': '/var/lib/lightdm-data/robomop', 'AMENT_PREFIX_PATH': '/opt/ros/jazzy', 'ORIGINAL_XDG_CURRENT_DESKTOP': 'ubuntu:GNOME', 'SHELL': '/bin/bash', 'QT_ACCESSIBILITY': '1', 'GDMSESSION': 'ubuntu', 'GPG_AGENT_INFO': '/run/user/1002/gnupg/S.gpg-agent:0:1', 'GJS_DEBUG_OUTPUT': 'stderr', 'ROS_AUTOMATIC_DISCOVERY_RANGE': 'SUBNET', 'VSCODE_GIT_ASKPASS_EXTRA_ARGS': '', 'QT_IM_MODULE': 'ibus', 'PWD': '/home/robomop/robomop_ws/build/robomop_driver', 'LC_ALL': 'en_US.UTF-8', 'XDG_CONFIG_DIRS': '/etc/xdg/xdg-ubuntu:/etc/xdg', 'XDG_DATA_DIRS': '/usr/share/ubuntu:/usr/share/gnome:/usr/local/share:/usr/share:/var/lib/snapd/desktop', 'PYTHONPATH': '/home/robomop/robomop_ws/build/robomop_driver/prefix_override:/usr/lib/python3/dist-packages/colcon_core/task/python/colcon_distutils_commands:/home/robomop/robomop_ws/install/robomop_driver/lib/python3.12/site-packages:/opt/ros/jazzy/lib/python3.12/site-packages', 'COLCON': '1', 'MEMORY_PRESSURE_WRITE': 'c29tZSAyMDAwMDAgMjAwMDAwMAA=', 'CMAKE_PREFIX_PATH': '/opt/ros/jazzy/opt/gz_math_vendor:/opt/ros/jazzy/opt/gz_utils_vendor:/opt/ros/jazzy/opt/gz_cmake_vendor'}, 'shell': False}
[3.041869] (-) TimerEvent: {}
[3.043981] (robomop_description) JobProgress: {'identifier': 'robomop_description', 'progress': 'install'}
[3.116942] (robomop_description) Command: {'cmd': ['/usr/bin/cmake', '--install', '/home/robomop/robomop_ws/build/robomop_description'], 'cwd': '/home/robomop/robomop_ws/build/robomop_description', 'env': OrderedDict({'GJS_DEBUG_TOPICS': 'JS ERROR;JS LOG', 'LANGUAGE': 'en', 'USER': 'robomop', 'XDG_SESSION_TYPE': 'x11', 'GIT_ASKPASS': '/usr/share/code/resources/app/extensions/git/dist/askpass.sh', 'SHLVL': '1', 'LD_LIBRARY_PATH': '/opt/ros/jazzy/opt/rviz_ogre_vendor/lib:/opt/ros/jazzy/lib/aarch64-linux-gnu:/opt/ros/jazzy/opt/gz_math_vendor/lib:/opt/ros/jazzy/opt/gz_utils_vendor/lib:/opt/ros/jazzy/opt/gz_cmake_vendor/lib:/opt/ros/jazzy/lib', 'HOME': '/home/robomop', 'CHROME_DESKTOP': 'code-url-handler.desktop', 'TERM_PROGRAM_VERSION': '1.93.1', 'DESKTOP_SESSION': 'ubuntu', 'GIO_LAUNCHED_DESKTOP_FILE': '/usr/share/applications/code.desktop', 'ROS_PYTHON_VERSION': '3', 'GNOME_SHELL_SESSION_MODE': 'ubuntu', 'GTK_MODULES': 'gail:atk-bridge', 'XDG_SEAT_PATH': '/org/freedesktop/DisplayManager/Seat0', 'VSCODE_GIT_ASKPASS_MAIN': '/usr/share/code/resources/app/extensions/git/dist/askpass-main.js', 'VSCODE_GIT_ASKPASS_NODE': '/usr/share/code/code', 'MANAGERPID': '1834', 'SYSTEMD_EXEC_PID': '2103', 'GSM_SKIP_SSH_AGENT_WORKAROUND': 'true', 'DBUS_SESSION_BUS_ADDRESS': 'unix:path=/run/user/1002/bus', 'COLORTERM': 'truecolor', 'GIO_LAUNCHED_DESKTOP_FILE_PID': '3335', 'DEBUGINFOD_URLS': 'https://debuginfod.ubuntu.com', 'IM_CONFIG_PHASE': '1', 'ROS_DISTRO': 'jazzy', 'LOGNAME': 'robomop', 'JOURNAL_STREAM': '8:18643', '_': '/usr/bin/colcon', 'ROS_VERSION': '2', 'MEMORY_PRESSURE_WATCH': '/sys/fs/cgroup/user.slice/user-1002.slice/user@1002.service/session.slice/org.gnome.Shell@x11.service/memory.pressure', 'XDG_SESSION_CLASS': 'user', 'TERM': 'xterm-256color', 'GNOME_DESKTOP_SESSION_ID': 'this-is-deprecated', 'PATH': '/opt/ros/jazzy/bin:/usr/local/sbin:/usr/local/bin:/usr/sbin:/usr/bin:/sbin:/bin:/usr/games:/usr/local/games:/snap/bin', 'SESSION_MANAGER': 'local/robomop:@/tmp/.ICE-unix/2072,unix/robomop:/tmp/.ICE-unix/2072', 'GDM_LANG': 'en', 'INVOCATION_ID': '2353ac0fabec44ed8553e502ca4f366a', 'XDG_SESSION_PATH': '/org/freedesktop/DisplayManager/Session0', 'XDG_MENU_PREFIX': 'gnome-', 'XDG_RUNTIME_DIR': '/run/user/1002', 'GDK_BACKEND': 'x11', 'DISPLAY': ':0', 'LANG': 'en_US.UTF-8', 'XDG_CURRENT_DESKTOP': 'Unity', 'XMODIFIERS': '@im=ibus', 'XDG_SESSION_DESKTOP': 'ubuntu', 'XAUTHORITY': '/home/robomop/.Xauthority', 'VSCODE_GIT_IPC_HANDLE': '/run/user/1002/vscode-git-684981cbd7.sock', 'TERM_PROGRAM': 'vscode', 'SSH_AUTH_SOCK': '/run/user/1002/keyring/ssh', 'XDG_GREETER_DATA_DIR': '/var/lib/lightdm-data/robomop', 'AMENT_PREFIX_PATH': '/opt/ros/jazzy', 'ORIGINAL_XDG_CURRENT_DESKTOP': 'ubuntu:GNOME', 'SHELL': '/bin/bash', 'QT_ACCESSIBILITY': '1', 'GDMSESSION': 'ubuntu', 'GPG_AGENT_INFO': '/run/user/1002/gnupg/S.gpg-agent:0:1', 'GJS_DEBUG_OUTPUT': 'stderr', 'ROS_AUTOMATIC_DISCOVERY_RANGE': 'SUBNET', 'VSCODE_GIT_ASKPASS_EXTRA_ARGS': '', 'QT_IM_MODULE': 'ibus', 'PWD': '/home/robomop/robomop_ws/build/robomop_description', 'LC_ALL': 'en_US.UTF-8', 'XDG_CONFIG_DIRS': '/etc/xdg/xdg-ubuntu:/etc/xdg', 'XDG_DATA_DIRS': '/usr/share/ubuntu:/usr/share/gnome:/usr/local/share:/usr/share:/var/lib/snapd/desktop', 'PYTHONPATH': '/opt/ros/jazzy/lib/python3.12/site-packages', 'COLCON': '1', 'MEMORY_PRESSURE_WRITE': 'c29tZSAyMDAwMDAgMjAwMDAwMAA=', 'CMAKE_PREFIX_PATH': '/opt/ros/jazzy/opt/gz_math_vendor:/opt/ros/jazzy/opt/gz_utils_vendor:/opt/ros/jazzy/opt/gz_cmake_vendor:/opt/ros/jazzy'}), 'shell': False}
[3.144518] (-) TimerEvent: {}
[3.155483] (robomop_description) StdoutLine: {'line': b'-- Install configuration: ""\n'}
[3.156764] (robomop_description) StdoutLine: {'line': b'-- Execute custom install script\n'}
[3.162540] (robomop_description) StdoutLine: {'line': b'-- Symlinking: /home/robomop/robomop_ws/install/robomop_description/share/robomop_description/launch/view_robomop.launch.py\n'}
[3.167870] (robomop_navigation) StdoutLine: {'line': b'-- Override CMake install command with custom implementation using symlinks instead of copying resources\n'}
[3.172088] (robomop_simulator) StdoutLine: {'line': b'-- Override CMake install command with custom implementation using symlinks instead of copying resources\n'}
[3.202987] (robomop_description) StdoutLine: {'line': b'-- Symlinking: /home/robomop/robomop_ws/install/robomop_description/share/robomop_description/meshes/visual/robomop_assy.stl\n'}
[3.237645] (robomop_description) StdoutLine: {'line': b'-- Symlinking: /home/robomop/robomop_ws/install/robomop_description/share/robomop_description/rviz/robomop.rviz\n'}
[3.245504] (-) TimerEvent: {}
[3.248136] (robomop_simulator) StdoutLine: {'line': b'-- Found ament_lint_auto: 0.17.1 (/opt/ros/jazzy/share/ament_lint_auto/cmake)\n'}
[3.251805] (robomop_navigation) StdoutLine: {'line': b'-- Found ament_lint_auto: 0.17.1 (/opt/ros/jazzy/share/ament_lint_auto/cmake)\n'}
[3.269180] (robomop_description) StdoutLine: {'line': b'-- Symlinking: /home/robomop/robomop_ws/install/robomop_description/share/robomop_description/urdf/common/inertials.xacro\n'}
[3.319742] (robomop_description) StdoutLine: {'line': b'-- Symlinking: /home/robomop/robomop_ws/install/robomop_description/share/robomop_description/urdf/common/materials.xacro\n'}
[3.345618] (-) TimerEvent: {}
[3.360539] (robomop_description) StdoutLine: {'line': b'-- Symlinking: /home/robomop/robomop_ws/install/robomop_description/share/robomop_description/urdf/robomop.urdf.xacro\n'}
[3.390474] (robomop_description) StdoutLine: {'line': b'-- Symlinking: /home/robomop/robomop_ws/install/robomop_description/share/robomop_description/urdf/robomop/robomop_macro.xacro\n'}
[3.422303] (robomop_description) StdoutLine: {'line': b'-- Symlinking: /home/robomop/robomop_ws/install/robomop_description/share/ament_index/resource_index/package_run_dependencies/robomop_description\n'}
[3.446309] (-) TimerEvent: {}
[3.447703] (robomop_description) StdoutLine: {'line': b'-- Symlinking: /home/robomop/robomop_ws/install/robomop_description/share/ament_index/resource_index/parent_prefix_path/robomop_description\n'}
[3.480129] (robomop_description) StdoutLine: {'line': b'-- Symlinking: /home/robomop/robomop_ws/install/robomop_description/share/robomop_description/environment/ament_prefix_path.sh\n'}
[3.523112] (robomop_description) StdoutLine: {'line': b'-- Symlinking: /home/robomop/robomop_ws/install/robomop_description/share/robomop_description/environment/ament_prefix_path.dsv\n'}
[3.548590] (-) TimerEvent: {}
[3.553690] (robomop_description) StdoutLine: {'line': b'-- Symlinking: /home/robomop/robomop_ws/install/robomop_description/share/robomop_description/environment/path.sh\n'}
[3.608562] (robomop_description) StdoutLine: {'line': b'-- Symlinking: /home/robomop/robomop_ws/install/robomop_description/share/robomop_description/environment/path.dsv\n'}
[3.616933] (robomop_simulator) StdoutLine: {'line': b"-- Added test 'lint_cmake' to check CMake code style\n"}
[3.620106] (robomop_simulator) StdoutLine: {'line': b"-- Added test 'xmllint' to check XML markup files\n"}
[3.629156] (robomop_simulator) StdoutLine: {'line': b'-- Configuring done (2.9s)\n'}
[3.634605] (robomop_description) StdoutLine: {'line': b'-- Symlinking: /home/robomop/robomop_ws/install/robomop_description/share/robomop_description/local_setup.bash\n'}
[3.649499] (robomop_simulator) StdoutLine: {'line': b'-- Generating done (0.0s)\n'}
[3.649839] (-) TimerEvent: {}
[3.655757] (robomop_simulator) StdoutLine: {'line': b'-- Build files have been written to: /home/robomop/robomop_ws/build/robomop_simulator\n'}
[3.660794] (robomop_navigation) StdoutLine: {'line': b"-- Added test 'lint_cmake' to check CMake code style\n"}
[3.666511] (robomop_navigation) StdoutLine: {'line': b"-- Added test 'xmllint' to check XML markup files\n"}
[3.668624] (robomop_navigation) StdoutLine: {'line': b'-- Configuring done (3.0s)\n'}
[3.674564] (robomop_description) StdoutLine: {'line': b'-- Symlinking: /home/robomop/robomop_ws/install/robomop_description/share/robomop_description/local_setup.sh\n'}
[3.683133] (robomop_simulator) CommandEnded: {'returncode': 0}
[3.684203] (robomop_simulator) JobProgress: {'identifier': 'robomop_simulator', 'progress': 'build'}
[3.684271] (robomop_simulator) Command: {'cmd': ['/usr/bin/cmake', '--build', '/home/robomop/robomop_ws/build/robomop_simulator', '--', '-j4', '-l4'], 'cwd': '/home/robomop/robomop_ws/build/robomop_simulator', 'env': OrderedDict({'GJS_DEBUG_TOPICS': 'JS ERROR;JS LOG', 'LANGUAGE': 'en', 'USER': 'robomop', 'XDG_SESSION_TYPE': 'x11', 'GIT_ASKPASS': '/usr/share/code/resources/app/extensions/git/dist/askpass.sh', 'SHLVL': '1', 'LD_LIBRARY_PATH': '/opt/ros/jazzy/opt/rviz_ogre_vendor/lib:/opt/ros/jazzy/lib/aarch64-linux-gnu:/opt/ros/jazzy/opt/gz_math_vendor/lib:/opt/ros/jazzy/opt/gz_utils_vendor/lib:/opt/ros/jazzy/opt/gz_cmake_vendor/lib:/opt/ros/jazzy/lib', 'HOME': '/home/robomop', 'CHROME_DESKTOP': 'code-url-handler.desktop', 'TERM_PROGRAM_VERSION': '1.93.1', 'DESKTOP_SESSION': 'ubuntu', 'GIO_LAUNCHED_DESKTOP_FILE': '/usr/share/applications/code.desktop', 'ROS_PYTHON_VERSION': '3', 'GNOME_SHELL_SESSION_MODE': 'ubuntu', 'GTK_MODULES': 'gail:atk-bridge', 'XDG_SEAT_PATH': '/org/freedesktop/DisplayManager/Seat0', 'VSCODE_GIT_ASKPASS_MAIN': '/usr/share/code/resources/app/extensions/git/dist/askpass-main.js', 'VSCODE_GIT_ASKPASS_NODE': '/usr/share/code/code', 'MANAGERPID': '1834', 'SYSTEMD_EXEC_PID': '2103', 'GSM_SKIP_SSH_AGENT_WORKAROUND': 'true', 'DBUS_SESSION_BUS_ADDRESS': 'unix:path=/run/user/1002/bus', 'COLORTERM': 'truecolor', 'GIO_LAUNCHED_DESKTOP_FILE_PID': '3335', 'DEBUGINFOD_URLS': 'https://debuginfod.ubuntu.com', 'IM_CONFIG_PHASE': '1', 'ROS_DISTRO': 'jazzy', 'LOGNAME': 'robomop', 'JOURNAL_STREAM': '8:18643', '_': '/usr/bin/colcon', 'ROS_VERSION': '2', 'MEMORY_PRESSURE_WATCH': '/sys/fs/cgroup/user.slice/user-1002.slice/user@1002.service/session.slice/org.gnome.Shell@x11.service/memory.pressure', 'XDG_SESSION_CLASS': 'user', 'TERM': 'xterm-256color', 'GNOME_DESKTOP_SESSION_ID': 'this-is-deprecated', 'PATH': '/opt/ros/jazzy/bin:/usr/local/sbin:/usr/local/bin:/usr/sbin:/usr/bin:/sbin:/bin:/usr/games:/usr/local/games:/snap/bin', 'SESSION_MANAGER': 'local/robomop:@/tmp/.ICE-unix/2072,unix/robomop:/tmp/.ICE-unix/2072', 'GDM_LANG': 'en', 'INVOCATION_ID': '2353ac0fabec44ed8553e502ca4f366a', 'XDG_SESSION_PATH': '/org/freedesktop/DisplayManager/Session0', 'XDG_MENU_PREFIX': 'gnome-', 'XDG_RUNTIME_DIR': '/run/user/1002', 'GDK_BACKEND': 'x11', 'DISPLAY': ':0', 'LANG': 'en_US.UTF-8', 'XDG_CURRENT_DESKTOP': 'Unity', 'XMODIFIERS': '@im=ibus', 'XDG_SESSION_DESKTOP': 'ubuntu', 'XAUTHORITY': '/home/robomop/.Xauthority', 'VSCODE_GIT_IPC_HANDLE': '/run/user/1002/vscode-git-684981cbd7.sock', 'TERM_PROGRAM': 'vscode', 'SSH_AUTH_SOCK': '/run/user/1002/keyring/ssh', 'XDG_GREETER_DATA_DIR': '/var/lib/lightdm-data/robomop', 'AMENT_PREFIX_PATH': '/opt/ros/jazzy', 'ORIGINAL_XDG_CURRENT_DESKTOP': 'ubuntu:GNOME', 'SHELL': '/bin/bash', 'QT_ACCESSIBILITY': '1', 'GDMSESSION': 'ubuntu', 'GPG_AGENT_INFO': '/run/user/1002/gnupg/S.gpg-agent:0:1', 'GJS_DEBUG_OUTPUT': 'stderr', 'ROS_AUTOMATIC_DISCOVERY_RANGE': 'SUBNET', 'VSCODE_GIT_ASKPASS_EXTRA_ARGS': '', 'QT_IM_MODULE': 'ibus', 'PWD': '/home/robomop/robomop_ws/build/robomop_simulator', 'LC_ALL': 'en_US.UTF-8', 'XDG_CONFIG_DIRS': '/etc/xdg/xdg-ubuntu:/etc/xdg', 'XDG_DATA_DIRS': '/usr/share/ubuntu:/usr/share/gnome:/usr/local/share:/usr/share:/var/lib/snapd/desktop', 'PYTHONPATH': '/opt/ros/jazzy/lib/python3.12/site-packages', 'COLCON': '1', 'MEMORY_PRESSURE_WRITE': 'c29tZSAyMDAwMDAgMjAwMDAwMAA=', 'CMAKE_PREFIX_PATH': '/opt/ros/jazzy/opt/gz_math_vendor:/opt/ros/jazzy/opt/gz_utils_vendor:/opt/ros/jazzy/opt/gz_cmake_vendor:/opt/ros/jazzy'}), 'shell': False}
[3.688946] (robomop_navigation) StdoutLine: {'line': b'-- Generating done (0.0s)\n'}
[3.689429] (robomop_navigation) StdoutLine: {'line': b'-- Build files have been written to: /home/robomop/robomop_ws/build/robomop_navigation\n'}
[3.711610] (robomop_description) StdoutLine: {'line': b'-- Symlinking: /home/robomop/robomop_ws/install/robomop_description/share/robomop_description/local_setup.zsh\n'}
[3.719652] (robomop_navigation) CommandEnded: {'returncode': 0}
[3.720807] (robomop_navigation) JobProgress: {'identifier': 'robomop_navigation', 'progress': 'build'}
[3.720883] (robomop_navigation) Command: {'cmd': ['/usr/bin/cmake', '--build', '/home/robomop/robomop_ws/build/robomop_navigation', '--', '-j4', '-l4'], 'cwd': '/home/robomop/robomop_ws/build/robomop_navigation', 'env': OrderedDict({'GJS_DEBUG_TOPICS': 'JS ERROR;JS LOG', 'LANGUAGE': 'en', 'USER': 'robomop', 'XDG_SESSION_TYPE': 'x11', 'GIT_ASKPASS': '/usr/share/code/resources/app/extensions/git/dist/askpass.sh', 'SHLVL': '1', 'LD_LIBRARY_PATH': '/opt/ros/jazzy/opt/rviz_ogre_vendor/lib:/opt/ros/jazzy/lib/aarch64-linux-gnu:/opt/ros/jazzy/opt/gz_math_vendor/lib:/opt/ros/jazzy/opt/gz_utils_vendor/lib:/opt/ros/jazzy/opt/gz_cmake_vendor/lib:/opt/ros/jazzy/lib', 'HOME': '/home/robomop', 'CHROME_DESKTOP': 'code-url-handler.desktop', 'TERM_PROGRAM_VERSION': '1.93.1', 'DESKTOP_SESSION': 'ubuntu', 'GIO_LAUNCHED_DESKTOP_FILE': '/usr/share/applications/code.desktop', 'ROS_PYTHON_VERSION': '3', 'GNOME_SHELL_SESSION_MODE': 'ubuntu', 'GTK_MODULES': 'gail:atk-bridge', 'XDG_SEAT_PATH': '/org/freedesktop/DisplayManager/Seat0', 'VSCODE_GIT_ASKPASS_MAIN': '/usr/share/code/resources/app/extensions/git/dist/askpass-main.js', 'VSCODE_GIT_ASKPASS_NODE': '/usr/share/code/code', 'MANAGERPID': '1834', 'SYSTEMD_EXEC_PID': '2103', 'GSM_SKIP_SSH_AGENT_WORKAROUND': 'true', 'DBUS_SESSION_BUS_ADDRESS': 'unix:path=/run/user/1002/bus', 'COLORTERM': 'truecolor', 'GIO_LAUNCHED_DESKTOP_FILE_PID': '3335', 'DEBUGINFOD_URLS': 'https://debuginfod.ubuntu.com', 'IM_CONFIG_PHASE': '1', 'ROS_DISTRO': 'jazzy', 'LOGNAME': 'robomop', 'JOURNAL_STREAM': '8:18643', '_': '/usr/bin/colcon', 'ROS_VERSION': '2', 'MEMORY_PRESSURE_WATCH': '/sys/fs/cgroup/user.slice/user-1002.slice/user@1002.service/session.slice/org.gnome.Shell@x11.service/memory.pressure', 'XDG_SESSION_CLASS': 'user', 'TERM': 'xterm-256color', 'GNOME_DESKTOP_SESSION_ID': 'this-is-deprecated', 'PATH': '/opt/ros/jazzy/bin:/usr/local/sbin:/usr/local/bin:/usr/sbin:/usr/bin:/sbin:/bin:/usr/games:/usr/local/games:/snap/bin', 'SESSION_MANAGER': 'local/robomop:@/tmp/.ICE-unix/2072,unix/robomop:/tmp/.ICE-unix/2072', 'GDM_LANG': 'en', 'INVOCATION_ID': '2353ac0fabec44ed8553e502ca4f366a', 'XDG_SESSION_PATH': '/org/freedesktop/DisplayManager/Session0', 'XDG_MENU_PREFIX': 'gnome-', 'XDG_RUNTIME_DIR': '/run/user/1002', 'GDK_BACKEND': 'x11', 'DISPLAY': ':0', 'LANG': 'en_US.UTF-8', 'XDG_CURRENT_DESKTOP': 'Unity', 'XMODIFIERS': '@im=ibus', 'XDG_SESSION_DESKTOP': 'ubuntu', 'XAUTHORITY': '/home/robomop/.Xauthority', 'VSCODE_GIT_IPC_HANDLE': '/run/user/1002/vscode-git-684981cbd7.sock', 'TERM_PROGRAM': 'vscode', 'SSH_AUTH_SOCK': '/run/user/1002/keyring/ssh', 'XDG_GREETER_DATA_DIR': '/var/lib/lightdm-data/robomop', 'AMENT_PREFIX_PATH': '/opt/ros/jazzy', 'ORIGINAL_XDG_CURRENT_DESKTOP': 'ubuntu:GNOME', 'SHELL': '/bin/bash', 'QT_ACCESSIBILITY': '1', 'GDMSESSION': 'ubuntu', 'GPG_AGENT_INFO': '/run/user/1002/gnupg/S.gpg-agent:0:1', 'GJS_DEBUG_OUTPUT': 'stderr', 'ROS_AUTOMATIC_DISCOVERY_RANGE': 'SUBNET', 'VSCODE_GIT_ASKPASS_EXTRA_ARGS': '', 'QT_IM_MODULE': 'ibus', 'PWD': '/home/robomop/robomop_ws/build/robomop_navigation', 'LC_ALL': 'en_US.UTF-8', 'XDG_CONFIG_DIRS': '/etc/xdg/xdg-ubuntu:/etc/xdg', 'XDG_DATA_DIRS': '/usr/share/ubuntu:/usr/share/gnome:/usr/local/share:/usr/share:/var/lib/snapd/desktop', 'PYTHONPATH': '/opt/ros/jazzy/lib/python3.12/site-packages', 'COLCON': '1', 'MEMORY_PRESSURE_WRITE': 'c29tZSAyMDAwMDAgMjAwMDAwMAA=', 'CMAKE_PREFIX_PATH': '/opt/ros/jazzy/opt/gz_math_vendor:/opt/ros/jazzy/opt/gz_utils_vendor:/opt/ros/jazzy/opt/gz_cmake_vendor:/opt/ros/jazzy'}), 'shell': False}
[3.745303] (robomop_description) StdoutLine: {'line': b'-- Symlinking: /home/robomop/robomop_ws/install/robomop_description/share/robomop_description/local_setup.dsv\n'}
[3.752669] (-) TimerEvent: {}
[3.788206] (robomop_description) StdoutLine: {'line': b'-- Symlinking: /home/robomop/robomop_ws/install/robomop_description/share/robomop_description/package.dsv\n'}
[3.825611] (robomop_description) StdoutLine: {'line': b'-- Symlinking: /home/robomop/robomop_ws/install/robomop_description/share/ament_index/resource_index/packages/robomop_description\n'}
[3.829908] (robomop_simulator) CommandEnded: {'returncode': 0}
[3.852527] (robomop_navigation) CommandEnded: {'returncode': 0}
[3.854391] (-) TimerEvent: {}
[3.857548] (robomop_description) StdoutLine: {'line': b'-- Symlinking: /home/robomop/robomop_ws/install/robomop_description/share/robomop_description/cmake/robomop_descriptionConfig.cmake\n'}
[3.886290] (robomop_description) StdoutLine: {'line': b'-- Symlinking: /home/robomop/robomop_ws/install/robomop_description/share/robomop_description/cmake/robomop_descriptionConfig-version.cmake\n'}
[3.908761] (robomop_simulator) JobProgress: {'identifier': 'robomop_simulator', 'progress': 'install'}
[3.908945] (robomop_simulator) Command: {'cmd': ['/usr/bin/cmake', '--install', '/home/robomop/robomop_ws/build/robomop_simulator'], 'cwd': '/home/robomop/robomop_ws/build/robomop_simulator', 'env': OrderedDict({'GJS_DEBUG_TOPICS': 'JS ERROR;JS LOG', 'LANGUAGE': 'en', 'USER': 'robomop', 'XDG_SESSION_TYPE': 'x11', 'GIT_ASKPASS': '/usr/share/code/resources/app/extensions/git/dist/askpass.sh', 'SHLVL': '1', 'LD_LIBRARY_PATH': '/opt/ros/jazzy/opt/rviz_ogre_vendor/lib:/opt/ros/jazzy/lib/aarch64-linux-gnu:/opt/ros/jazzy/opt/gz_math_vendor/lib:/opt/ros/jazzy/opt/gz_utils_vendor/lib:/opt/ros/jazzy/opt/gz_cmake_vendor/lib:/opt/ros/jazzy/lib', 'HOME': '/home/robomop', 'CHROME_DESKTOP': 'code-url-handler.desktop', 'TERM_PROGRAM_VERSION': '1.93.1', 'DESKTOP_SESSION': 'ubuntu', 'GIO_LAUNCHED_DESKTOP_FILE': '/usr/share/applications/code.desktop', 'ROS_PYTHON_VERSION': '3', 'GNOME_SHELL_SESSION_MODE': 'ubuntu', 'GTK_MODULES': 'gail:atk-bridge', 'XDG_SEAT_PATH': '/org/freedesktop/DisplayManager/Seat0', 'VSCODE_GIT_ASKPASS_MAIN': '/usr/share/code/resources/app/extensions/git/dist/askpass-main.js', 'VSCODE_GIT_ASKPASS_NODE': '/usr/share/code/code', 'MANAGERPID': '1834', 'SYSTEMD_EXEC_PID': '2103', 'GSM_SKIP_SSH_AGENT_WORKAROUND': 'true', 'DBUS_SESSION_BUS_ADDRESS': 'unix:path=/run/user/1002/bus', 'COLORTERM': 'truecolor', 'GIO_LAUNCHED_DESKTOP_FILE_PID': '3335', 'DEBUGINFOD_URLS': 'https://debuginfod.ubuntu.com', 'IM_CONFIG_PHASE': '1', 'ROS_DISTRO': 'jazzy', 'LOGNAME': 'robomop', 'JOURNAL_STREAM': '8:18643', '_': '/usr/bin/colcon', 'ROS_VERSION': '2', 'MEMORY_PRESSURE_WATCH': '/sys/fs/cgroup/user.slice/user-1002.slice/user@1002.service/session.slice/org.gnome.Shell@x11.service/memory.pressure', 'XDG_SESSION_CLASS': 'user', 'TERM': 'xterm-256color', 'GNOME_DESKTOP_SESSION_ID': 'this-is-deprecated', 'PATH': '/opt/ros/jazzy/bin:/usr/local/sbin:/usr/local/bin:/usr/sbin:/usr/bin:/sbin:/bin:/usr/games:/usr/local/games:/snap/bin', 'SESSION_MANAGER': 'local/robomop:@/tmp/.ICE-unix/2072,unix/robomop:/tmp/.ICE-unix/2072', 'GDM_LANG': 'en', 'INVOCATION_ID': '2353ac0fabec44ed8553e502ca4f366a', 'XDG_SESSION_PATH': '/org/freedesktop/DisplayManager/Session0', 'XDG_MENU_PREFIX': 'gnome-', 'XDG_RUNTIME_DIR': '/run/user/1002', 'GDK_BACKEND': 'x11', 'DISPLAY': ':0', 'LANG': 'en_US.UTF-8', 'XDG_CURRENT_DESKTOP': 'Unity', 'XMODIFIERS': '@im=ibus', 'XDG_SESSION_DESKTOP': 'ubuntu', 'XAUTHORITY': '/home/robomop/.Xauthority', 'VSCODE_GIT_IPC_HANDLE': '/run/user/1002/vscode-git-684981cbd7.sock', 'TERM_PROGRAM': 'vscode', 'SSH_AUTH_SOCK': '/run/user/1002/keyring/ssh', 'XDG_GREETER_DATA_DIR': '/var/lib/lightdm-data/robomop', 'AMENT_PREFIX_PATH': '/opt/ros/jazzy', 'ORIGINAL_XDG_CURRENT_DESKTOP': 'ubuntu:GNOME', 'SHELL': '/bin/bash', 'QT_ACCESSIBILITY': '1', 'GDMSESSION': 'ubuntu', 'GPG_AGENT_INFO': '/run/user/1002/gnupg/S.gpg-agent:0:1', 'GJS_DEBUG_OUTPUT': 'stderr', 'ROS_AUTOMATIC_DISCOVERY_RANGE': 'SUBNET', 'VSCODE_GIT_ASKPASS_EXTRA_ARGS': '', 'QT_IM_MODULE': 'ibus', 'PWD': '/home/robomop/robomop_ws/build/robomop_simulator', 'LC_ALL': 'en_US.UTF-8', 'XDG_CONFIG_DIRS': '/etc/xdg/xdg-ubuntu:/etc/xdg', 'XDG_DATA_DIRS': '/usr/share/ubuntu:/usr/share/gnome:/usr/local/share:/usr/share:/var/lib/snapd/desktop', 'PYTHONPATH': '/opt/ros/jazzy/lib/python3.12/site-packages', 'COLCON': '1', 'MEMORY_PRESSURE_WRITE': 'c29tZSAyMDAwMDAgMjAwMDAwMAA=', 'CMAKE_PREFIX_PATH': '/opt/ros/jazzy/opt/gz_math_vendor:/opt/ros/jazzy/opt/gz_utils_vendor:/opt/ros/jazzy/opt/gz_cmake_vendor:/opt/ros/jazzy'}), 'shell': False}
[3.918600] (robomop_navigation) JobProgress: {'identifier': 'robomop_navigation', 'progress': 'install'}
[3.918725] (robomop_navigation) Command: {'cmd': ['/usr/bin/cmake', '--install', '/home/robomop/robomop_ws/build/robomop_navigation'], 'cwd': '/home/robomop/robomop_ws/build/robomop_navigation', 'env': OrderedDict({'GJS_DEBUG_TOPICS': 'JS ERROR;JS LOG', 'LANGUAGE': 'en', 'USER': 'robomop', 'XDG_SESSION_TYPE': 'x11', 'GIT_ASKPASS': '/usr/share/code/resources/app/extensions/git/dist/askpass.sh', 'SHLVL': '1', 'LD_LIBRARY_PATH': '/opt/ros/jazzy/opt/rviz_ogre_vendor/lib:/opt/ros/jazzy/lib/aarch64-linux-gnu:/opt/ros/jazzy/opt/gz_math_vendor/lib:/opt/ros/jazzy/opt/gz_utils_vendor/lib:/opt/ros/jazzy/opt/gz_cmake_vendor/lib:/opt/ros/jazzy/lib', 'HOME': '/home/robomop', 'CHROME_DESKTOP': 'code-url-handler.desktop', 'TERM_PROGRAM_VERSION': '1.93.1', 'DESKTOP_SESSION': 'ubuntu', 'GIO_LAUNCHED_DESKTOP_FILE': '/usr/share/applications/code.desktop', 'ROS_PYTHON_VERSION': '3', 'GNOME_SHELL_SESSION_MODE': 'ubuntu', 'GTK_MODULES': 'gail:atk-bridge', 'XDG_SEAT_PATH': '/org/freedesktop/DisplayManager/Seat0', 'VSCODE_GIT_ASKPASS_MAIN': '/usr/share/code/resources/app/extensions/git/dist/askpass-main.js', 'VSCODE_GIT_ASKPASS_NODE': '/usr/share/code/code', 'MANAGERPID': '1834', 'SYSTEMD_EXEC_PID': '2103', 'GSM_SKIP_SSH_AGENT_WORKAROUND': 'true', 'DBUS_SESSION_BUS_ADDRESS': 'unix:path=/run/user/1002/bus', 'COLORTERM': 'truecolor', 'GIO_LAUNCHED_DESKTOP_FILE_PID': '3335', 'DEBUGINFOD_URLS': 'https://debuginfod.ubuntu.com', 'IM_CONFIG_PHASE': '1', 'ROS_DISTRO': 'jazzy', 'LOGNAME': 'robomop', 'JOURNAL_STREAM': '8:18643', '_': '/usr/bin/colcon', 'ROS_VERSION': '2', 'MEMORY_PRESSURE_WATCH': '/sys/fs/cgroup/user.slice/user-1002.slice/user@1002.service/session.slice/org.gnome.Shell@x11.service/memory.pressure', 'XDG_SESSION_CLASS': 'user', 'TERM': 'xterm-256color', 'GNOME_DESKTOP_SESSION_ID': 'this-is-deprecated', 'PATH': '/opt/ros/jazzy/bin:/usr/local/sbin:/usr/local/bin:/usr/sbin:/usr/bin:/sbin:/bin:/usr/games:/usr/local/games:/snap/bin', 'SESSION_MANAGER': 'local/robomop:@/tmp/.ICE-unix/2072,unix/robomop:/tmp/.ICE-unix/2072', 'GDM_LANG': 'en', 'INVOCATION_ID': '2353ac0fabec44ed8553e502ca4f366a', 'XDG_SESSION_PATH': '/org/freedesktop/DisplayManager/Session0', 'XDG_MENU_PREFIX': 'gnome-', 'XDG_RUNTIME_DIR': '/run/user/1002', 'GDK_BACKEND': 'x11', 'DISPLAY': ':0', 'LANG': 'en_US.UTF-8', 'XDG_CURRENT_DESKTOP': 'Unity', 'XMODIFIERS': '@im=ibus', 'XDG_SESSION_DESKTOP': 'ubuntu', 'XAUTHORITY': '/home/robomop/.Xauthority', 'VSCODE_GIT_IPC_HANDLE': '/run/user/1002/vscode-git-684981cbd7.sock', 'TERM_PROGRAM': 'vscode', 'SSH_AUTH_SOCK': '/run/user/1002/keyring/ssh', 'XDG_GREETER_DATA_DIR': '/var/lib/lightdm-data/robomop', 'AMENT_PREFIX_PATH': '/opt/ros/jazzy', 'ORIGINAL_XDG_CURRENT_DESKTOP': 'ubuntu:GNOME', 'SHELL': '/bin/bash', 'QT_ACCESSIBILITY': '1', 'GDMSESSION': 'ubuntu', 'GPG_AGENT_INFO': '/run/user/1002/gnupg/S.gpg-agent:0:1', 'GJS_DEBUG_OUTPUT': 'stderr', 'ROS_AUTOMATIC_DISCOVERY_RANGE': 'SUBNET', 'VSCODE_GIT_ASKPASS_EXTRA_ARGS': '', 'QT_IM_MODULE': 'ibus', 'PWD': '/home/robomop/robomop_ws/build/robomop_navigation', 'LC_ALL': 'en_US.UTF-8', 'XDG_CONFIG_DIRS': '/etc/xdg/xdg-ubuntu:/etc/xdg', 'XDG_DATA_DIRS': '/usr/share/ubuntu:/usr/share/gnome:/usr/local/share:/usr/share:/var/lib/snapd/desktop', 'PYTHONPATH': '/opt/ros/jazzy/lib/python3.12/site-packages', 'COLCON': '1', 'MEMORY_PRESSURE_WRITE': 'c29tZSAyMDAwMDAgMjAwMDAwMAA=', 'CMAKE_PREFIX_PATH': '/opt/ros/jazzy/opt/gz_math_vendor:/opt/ros/jazzy/opt/gz_utils_vendor:/opt/ros/jazzy/opt/gz_cmake_vendor:/opt/ros/jazzy'}), 'shell': False}
[3.920991] (robomop_description) StdoutLine: {'line': b'-- Symlinking: /home/robomop/robomop_ws/install/robomop_description/share/robomop_description/package.xml\n'}
[3.941082] (robomop_simulator) StdoutLine: {'line': b'-- Install configuration: ""\n'}
[3.941461] (robomop_simulator) StdoutLine: {'line': b'-- Execute custom install script\n'}
[3.943580] (robomop_simulator) StdoutLine: {'line': b'-- Symlinking: /home/robomop/robomop_ws/install/robomop_simulator/share/ament_index/resource_index/package_run_dependencies/robomop_simulator\n'}
[3.944464] (robomop_navigation) StdoutLine: {'line': b'-- Install configuration: ""\n'}
[3.946799] (robomop_description) CommandEnded: {'returncode': 0}
[3.949050] (robomop_navigation) StdoutLine: {'line': b'-- Execute custom install script\n'}
[3.949342] (robomop_navigation) StdoutLine: {'line': b'-- Symlinking: /home/robomop/robomop_ws/install/robomop_navigation/share/ament_index/resource_index/package_run_dependencies/robomop_navigation\n'}
[3.954466] (-) TimerEvent: {}
[3.969524] (robomop_simulator) StdoutLine: {'line': b'-- Symlinking: /home/robomop/robomop_ws/install/robomop_simulator/share/ament_index/resource_index/parent_prefix_path/robomop_simulator\n'}
[3.974002] (robomop_navigation) StdoutLine: {'line': b'-- Symlinking: /home/robomop/robomop_ws/install/robomop_navigation/share/ament_index/resource_index/parent_prefix_path/robomop_navigation\n'}
[4.001657] (robomop_simulator) StdoutLine: {'line': b'-- Symlinking: /home/robomop/robomop_ws/install/robomop_simulator/share/robomop_simulator/environment/ament_prefix_path.sh\n'}
[4.014617] (robomop_navigation) StdoutLine: {'line': b'-- Symlinking: /home/robomop/robomop_ws/install/robomop_navigation/share/robomop_navigation/environment/ament_prefix_path.sh\n'}
[4.021127] (robomop_driver) StdoutLine: {'line': b'running develop\n'}
[4.021735] (robomop_driver) StderrLine: {'line': b'/usr/lib/python3/dist-packages/setuptools/command/develop.py:40: EasyInstallDeprecationWarning: easy_install command is deprecated.\n'}
[4.021995] (robomop_driver) StderrLine: {'line': b'!!\n'}
[4.022164] (robomop_driver) StderrLine: {'line': b'\n'}
[4.022318] (robomop_driver) StderrLine: {'line': b'        ********************************************************************************\n'}
[4.022588] (robomop_driver) StderrLine: {'line': b'        Please avoid running ``setup.py`` and ``easy_install``.\n'}
[4.022765] (robomop_driver) StderrLine: {'line': b'        Instead, use pypa/build, pypa/installer or other\n'}
[4.022894] (robomop_driver) StderrLine: {'line': b'        standards-based tools.\n'}
[4.022996] (robomop_driver) StderrLine: {'line': b'\n'}
[4.023124] (robomop_driver) StderrLine: {'line': b'        See https://github.com/pypa/setuptools/issues/917 for details.\n'}
[4.023286] (robomop_driver) StderrLine: {'line': b'        ********************************************************************************\n'}
[4.025432] (robomop_driver) StderrLine: {'line': b'\n'}
[4.025687] (robomop_driver) StderrLine: {'line': b'!!\n'}
[4.025789] (robomop_driver) StderrLine: {'line': b'  easy_install.initialize_options(self)\n'}
[4.039915] (robomop_simulator) StdoutLine: {'line': b'-- Symlinking: /home/robomop/robomop_ws/install/robomop_simulator/share/robomop_simulator/environment/ament_prefix_path.dsv\n'}
[4.045868] (robomop_navigation) StdoutLine: {'line': b'-- Symlinking: /home/robomop/robomop_ws/install/robomop_navigation/share/robomop_navigation/environment/ament_prefix_path.dsv\n'}
[4.055540] (-) TimerEvent: {}
[4.065732] (robomop_simulator) StdoutLine: {'line': b'-- Symlinking: /home/robomop/robomop_ws/install/robomop_simulator/share/robomop_simulator/environment/path.sh\n'}
[4.076217] (robomop_navigation) StdoutLine: {'line': b'-- Symlinking: /home/robomop/robomop_ws/install/robomop_navigation/share/robomop_navigation/environment/path.sh\n'}
[4.085776] (robomop_description) JobEnded: {'identifier': 'robomop_description', 'rc': 0}
[4.105820] (robomop_simulator) StdoutLine: {'line': b'-- Symlinking: /home/robomop/robomop_ws/install/robomop_simulator/share/robomop_simulator/environment/path.dsv\n'}
[4.108096] (robomop_navigation) StdoutLine: {'line': b'-- Symlinking: /home/robomop/robomop_ws/install/robomop_navigation/share/robomop_navigation/environment/path.dsv\n'}
[4.157621] (-) TimerEvent: {}
[4.172177] (robomop_simulator) StdoutLine: {'line': b'-- Symlinking: /home/robomop/robomop_ws/install/robomop_simulator/share/robomop_simulator/local_setup.bash\n'}
[4.173246] (robomop_navigation) StdoutLine: {'line': b'-- Symlinking: /home/robomop/robomop_ws/install/robomop_navigation/share/robomop_navigation/local_setup.bash\n'}
[4.219480] (robomop_navigation) StdoutLine: {'line': b'-- Symlinking: /home/robomop/robomop_ws/install/robomop_navigation/share/robomop_navigation/local_setup.sh\n'}
[4.220117] (robomop_simulator) StdoutLine: {'line': b'-- Symlinking: /home/robomop/robomop_ws/install/robomop_simulator/share/robomop_simulator/local_setup.sh\n'}
[4.246210] (robomop_navigation) StdoutLine: {'line': b'-- Symlinking: /home/robomop/robomop_ws/install/robomop_navigation/share/robomop_navigation/local_setup.zsh\n'}
[4.254761] (robomop_simulator) StdoutLine: {'line': b'-- Symlinking: /home/robomop/robomop_ws/install/robomop_simulator/share/robomop_simulator/local_setup.zsh\n'}
[4.258163] (-) TimerEvent: {}
[4.278661] (robomop_navigation) StdoutLine: {'line': b'-- Symlinking: /home/robomop/robomop_ws/install/robomop_navigation/share/robomop_navigation/local_setup.dsv\n'}
[4.282591] (robomop_simulator) StdoutLine: {'line': b'-- Symlinking: /home/robomop/robomop_ws/install/robomop_simulator/share/robomop_simulator/local_setup.dsv\n'}
[4.307039] (robomop_navigation) StdoutLine: {'line': b'-- Symlinking: /home/robomop/robomop_ws/install/robomop_navigation/share/robomop_navigation/package.dsv\n'}
[4.321542] (robomop_simulator) StdoutLine: {'line': b'-- Symlinking: /home/robomop/robomop_ws/install/robomop_simulator/share/robomop_simulator/package.dsv\n'}
[4.335231] (robomop_navigation) StdoutLine: {'line': b'-- Symlinking: /home/robomop/robomop_ws/install/robomop_navigation/share/ament_index/resource_index/packages/robomop_navigation\n'}
[4.346784] (robomop_simulator) StdoutLine: {'line': b'-- Symlinking: /home/robomop/robomop_ws/install/robomop_simulator/share/ament_index/resource_index/packages/robomop_simulator\n'}
[4.356601] (robomop_navigation) StdoutLine: {'line': b'-- Symlinking: /home/robomop/robomop_ws/install/robomop_navigation/share/robomop_navigation/cmake/robomop_navigationConfig.cmake\n'}
[4.360519] (-) TimerEvent: {}
[4.365813] (robomop_simulator) StdoutLine: {'line': b'-- Symlinking: /home/robomop/robomop_ws/install/robomop_simulator/share/robomop_simulator/cmake/robomop_simulatorConfig.cmake\n'}
[4.380680] (robomop_navigation) StdoutLine: {'line': b'-- Symlinking: /home/robomop/robomop_ws/install/robomop_navigation/share/robomop_navigation/cmake/robomop_navigationConfig-version.cmake\n'}
[4.394000] (robomop_simulator) StdoutLine: {'line': b'-- Symlinking: /home/robomop/robomop_ws/install/robomop_simulator/share/robomop_simulator/cmake/robomop_simulatorConfig-version.cmake\n'}
[4.421583] (robomop_navigation) StdoutLine: {'line': b'-- Symlinking: /home/robomop/robomop_ws/install/robomop_navigation/share/robomop_navigation/package.xml\n'}
[4.425492] (robomop_simulator) StdoutLine: {'line': b'-- Symlinking: /home/robomop/robomop_ws/install/robomop_simulator/share/robomop_simulator/package.xml\n'}
[4.454729] (robomop_navigation) CommandEnded: {'returncode': 0}
[4.460825] (-) TimerEvent: {}
[4.470814] (robomop_simulator) CommandEnded: {'returncode': 0}
[4.560919] (-) TimerEvent: {}
[4.561236] (robomop_navigation) JobEnded: {'identifier': 'robomop_navigation', 'rc': 0}
[4.579795] (robomop_simulator) JobEnded: {'identifier': 'robomop_simulator', 'rc': 0}
[4.584686] (robomop_driver) StdoutLine: {'line': b'running egg_info\n'}
[4.585582] (robomop_driver) StdoutLine: {'line': b'creating robomop_driver.egg-info\n'}
[4.621530] (robomop_driver) StdoutLine: {'line': b'writing robomop_driver.egg-info/PKG-INFO\n'}
[4.621979] (robomop_driver) StdoutLine: {'line': b'writing dependency_links to robomop_driver.egg-info/dependency_links.txt\n'}
[4.624276] (robomop_driver) StdoutLine: {'line': b'writing requirements to robomop_driver.egg-info/requires.txt\n'}
[4.624778] (robomop_driver) StdoutLine: {'line': b'writing top-level names to robomop_driver.egg-info/top_level.txt\n'}
[4.624984] (robomop_driver) StdoutLine: {'line': b"writing manifest file 'robomop_driver.egg-info/SOURCES.txt'\n"}
[4.661055] (-) TimerEvent: {}
[4.691765] (robomop_driver) StdoutLine: {'line': b"reading manifest file 'robomop_driver.egg-info/SOURCES.txt'\n"}
[4.694310] (robomop_driver) StdoutLine: {'line': b"writing manifest file 'robomop_driver.egg-info/SOURCES.txt'\n"}
[4.727673] (robomop_driver) StdoutLine: {'line': b'running build_ext\n'}
[4.727964] (robomop_driver) StdoutLine: {'line': b'Creating /home/robomop/robomop_ws/install/robomop_driver/lib/python3.12/site-packages/robomop-driver.egg-link (link to .)\n'}
[4.728609] (robomop_driver) StdoutLine: {'line': b'\n'}
[4.728756] (robomop_driver) StdoutLine: {'line': b'Installed /home/robomop/robomop_ws/build/robomop_driver\n'}
[4.729428] (robomop_driver) StdoutLine: {'line': b'running symlink_data\n'}
[4.729625] (robomop_driver) StdoutLine: {'line': b'creating /home/robomop/robomop_ws/install/robomop_driver/share/ament_index\n'}
[4.729732] (robomop_driver) StdoutLine: {'line': b'creating /home/robomop/robomop_ws/install/robomop_driver/share/ament_index/resource_index\n'}
[4.729823] (robomop_driver) StdoutLine: {'line': b'creating /home/robomop/robomop_ws/install/robomop_driver/share/ament_index/resource_index/packages\n'}
[4.729911] (robomop_driver) StdoutLine: {'line': b'symbolically linking /home/robomop/robomop_ws/build/robomop_driver/resource/robomop_driver -> /home/robomop/robomop_ws/install/robomop_driver/share/ament_index/resource_index/packages\n'}
[4.730002] (robomop_driver) StdoutLine: {'line': b'symbolically linking /home/robomop/robomop_ws/build/robomop_driver/package.xml -> /home/robomop/robomop_ws/install/robomop_driver/share/robomop_driver\n'}
[4.761192] (-) TimerEvent: {}
[4.854826] (robomop_driver) CommandEnded: {'returncode': 0}
[4.861610] (-) TimerEvent: {}
[4.865932] (robomop_driver) JobEnded: {'identifier': 'robomop_driver', 'rc': 0}
[4.867701] (-) EventReactorShutdown: {}
