[0.063s] Invoking command in '/home/robomop/robomop_ws/build/robomop_description': CMAKE_PREFIX_PATH=${CMAKE_PREFIX_PATH}:/opt/ros/jazzy DEBUGINFOD_URLS=https://debuginfod.ubuntu.com /usr/bin/cmake /home/robomop/robomop_ws/src/robomop_description -DAMENT_CMAKE_SYMLINK_INSTALL=1 -DCMAKE_INSTALL_PREFIX=/home/robomop/robomop_ws/install/robomop_description
[0.649s] -- The C compiler identification is GNU 13.2.0
[0.649s] -- The CXX compiler identification is GNU 13.2.0
[0.653s] -- Detecting C compiler ABI info
[0.711s] -- Detecting C compiler ABI info - done
[0.741s] -- Check for working C compiler: /usr/bin/cc - skipped
[0.751s] -- Detecting C compile features
[0.754s] -- Detecting C compile features - done
[0.802s] -- Detecting CXX compiler ABI info
[1.316s] -- Detecting CXX compiler ABI info - done
[1.342s] -- Check for working CXX compiler: /usr/bin/c++ - skipped
[1.345s] -- Detecting CXX compile features
[1.349s] -- Detecting CXX compile features - done
[1.361s] -- Found ament_cmake: 2.5.2 (/opt/ros/jazzy/share/ament_cmake/cmake)
[1.897s] -- Found Python3: /usr/bin/python3 (found version "3.12.3") found components: Interpreter 
[2.170s] -- Override CMake install command with custom implementation using symlinks instead of copying resources
[2.253s] -- Found ament_lint_auto: 0.17.1 (/opt/ros/jazzy/share/ament_lint_auto/cmake)
[2.636s] -- Added test 'flake8' to check Python code syntax and style conventions
[2.642s] -- Configured 'flake8' exclude dirs and/or files: 
[2.642s] -- Added test 'lint_cmake' to check CMake code style
[2.646s] -- Added test 'pep257' to check Python code against some of the docstring style conventions in PEP 257
[2.656s] -- Added test 'xmllint' to check XML markup files
[2.667s] -- Configuring done (2.6s)
[2.701s] -- Generating done (0.0s)
[2.713s] -- Build files have been written to: /home/robomop/robomop_ws/build/robomop_description
[2.755s] Invoked command in '/home/robomop/robomop_ws/build/robomop_description' returned '0': CMAKE_PREFIX_PATH=${CMAKE_PREFIX_PATH}:/opt/ros/jazzy DEBUGINFOD_URLS=https://debuginfod.ubuntu.com /usr/bin/cmake /home/robomop/robomop_ws/src/robomop_description -DAMENT_CMAKE_SYMLINK_INSTALL=1 -DCMAKE_INSTALL_PREFIX=/home/robomop/robomop_ws/install/robomop_description
[2.756s] Invoking command in '/home/robomop/robomop_ws/build/robomop_description': CMAKE_PREFIX_PATH=${CMAKE_PREFIX_PATH}:/opt/ros/jazzy DEBUGINFOD_URLS=https://debuginfod.ubuntu.com /usr/bin/cmake --build /home/robomop/robomop_ws/build/robomop_description -- -j4 -l4
[2.934s] Invoked command in '/home/robomop/robomop_ws/build/robomop_description' returned '0': CMAKE_PREFIX_PATH=${CMAKE_PREFIX_PATH}:/opt/ros/jazzy DEBUGINFOD_URLS=https://debuginfod.ubuntu.com /usr/bin/cmake --build /home/robomop/robomop_ws/build/robomop_description -- -j4 -l4
[3.117s] Invoking command in '/home/robomop/robomop_ws/build/robomop_description': CMAKE_PREFIX_PATH=${CMAKE_PREFIX_PATH}:/opt/ros/jazzy DEBUGINFOD_URLS=https://debuginfod.ubuntu.com /usr/bin/cmake --install /home/robomop/robomop_ws/build/robomop_description
[3.154s] -- Install configuration: ""
[3.156s] -- Execute custom install script
[3.161s] -- Symlinking: /home/robomop/robomop_ws/install/robomop_description/share/robomop_description/launch/view_robomop.launch.py
[3.202s] -- Symlinking: /home/robomop/robomop_ws/install/robomop_description/share/robomop_description/meshes/visual/robomop_assy.stl
[3.237s] -- Symlinking: /home/robomop/robomop_ws/install/robomop_description/share/robomop_description/rviz/robomop.rviz
[3.268s] -- Symlinking: /home/robomop/robomop_ws/install/robomop_description/share/robomop_description/urdf/common/inertials.xacro
[3.319s] -- Symlinking: /home/robomop/robomop_ws/install/robomop_description/share/robomop_description/urdf/common/materials.xacro
[3.359s] -- Symlinking: /home/robomop/robomop_ws/install/robomop_description/share/robomop_description/urdf/robomop.urdf.xacro
[3.391s] -- Symlinking: /home/robomop/robomop_ws/install/robomop_description/share/robomop_description/urdf/robomop/robomop_macro.xacro
[3.421s] -- Symlinking: /home/robomop/robomop_ws/install/robomop_description/share/ament_index/resource_index/package_run_dependencies/robomop_description
[3.448s] -- Symlinking: /home/robomop/robomop_ws/install/robomop_description/share/ament_index/resource_index/parent_prefix_path/robomop_description
[3.481s] -- Symlinking: /home/robomop/robomop_ws/install/robomop_description/share/robomop_description/environment/ament_prefix_path.sh
[3.522s] -- Symlinking: /home/robomop/robomop_ws/install/robomop_description/share/robomop_description/environment/ament_prefix_path.dsv
[3.553s] -- Symlinking: /home/robomop/robomop_ws/install/robomop_description/share/robomop_description/environment/path.sh
[3.607s] -- Symlinking: /home/robomop/robomop_ws/install/robomop_description/share/robomop_description/environment/path.dsv
[3.634s] -- Symlinking: /home/robomop/robomop_ws/install/robomop_description/share/robomop_description/local_setup.bash
[3.673s] -- Symlinking: /home/robomop/robomop_ws/install/robomop_description/share/robomop_description/local_setup.sh
[3.711s] -- Symlinking: /home/robomop/robomop_ws/install/robomop_description/share/robomop_description/local_setup.zsh
[3.744s] -- Symlinking: /home/robomop/robomop_ws/install/robomop_description/share/robomop_description/local_setup.dsv
[3.787s] -- Symlinking: /home/robomop/robomop_ws/install/robomop_description/share/robomop_description/package.dsv
[3.825s] -- Symlinking: /home/robomop/robomop_ws/install/robomop_description/share/ament_index/resource_index/packages/robomop_description
[3.856s] -- Symlinking: /home/robomop/robomop_ws/install/robomop_description/share/robomop_description/cmake/robomop_descriptionConfig.cmake
[3.885s] -- Symlinking: /home/robomop/robomop_ws/install/robomop_description/share/robomop_description/cmake/robomop_descriptionConfig-version.cmake
[3.920s] -- Symlinking: /home/robomop/robomop_ws/install/robomop_description/share/robomop_description/package.xml
[3.946s] Invoked command in '/home/robomop/robomop_ws/build/robomop_description' returned '0': CMAKE_PREFIX_PATH=${CMAKE_PREFIX_PATH}:/opt/ros/jazzy DEBUGINFOD_URLS=https://debuginfod.ubuntu.com /usr/bin/cmake --install /home/robomop/robomop_ws/build/robomop_description
