-- Found ament_cmake: 2.5.2 (/opt/ros/jazzy/share/ament_cmake/cmake)
-- Override CMake install command with custom implementation using symlinks instead of copying resources
-- Found ament_lint_auto: 0.17.1 (/opt/ros/jazzy/share/ament_lint_auto/cmake)
-- Added test 'flake8' to check Python code syntax and style conventions
-- Configured 'flake8' exclude dirs and/or files: 
-- Added test 'lint_cmake' to check CMake code style
-- Added test 'pep257' to check Python code against some of the docstring style conventions in PEP 257
-- Added test 'xmllint' to check XML markup files
-- Configuring done (1.2s)
-- Generating done (0.0s)
-- Build files have been written to: /home/robomop/robomop_ws/build/robomop_description
-- Install configuration: ""
-- Execute custom install script
-- Up-to-date symlink: /home/robomop/robomop_ws/install/robomop_description/share/robomop_description/launch/view_robomop.launch.py
-- Up-to-date symlink: /home/robomop/robomop_ws/install/robomop_description/share/robomop_description/meshes/visual/robomop_assy.stl
-- Up-to-date symlink: /home/robomop/robomop_ws/install/robomop_description/share/robomop_description/rviz/robomop.rviz
-- Up-to-date symlink: /home/robomop/robomop_ws/install/robomop_description/share/robomop_description/urdf/common/inertials.xacro
-- Up-to-date symlink: /home/robomop/robomop_ws/install/robomop_description/share/robomop_description/urdf/common/materials.xacro
-- Up-to-date symlink: /home/robomop/robomop_ws/install/robomop_description/share/robomop_description/urdf/robomop.urdf.xacro
-- Up-to-date symlink: /home/robomop/robomop_ws/install/robomop_description/share/robomop_description/urdf/robomop/robomop_macro.xacro
-- Up-to-date symlink: /home/robomop/robomop_ws/install/robomop_description/share/ament_index/resource_index/package_run_dependencies/robomop_description
-- Up-to-date symlink: /home/robomop/robomop_ws/install/robomop_description/share/ament_index/resource_index/parent_prefix_path/robomop_description
-- Up-to-date symlink: /home/robomop/robomop_ws/install/robomop_description/share/robomop_description/environment/ament_prefix_path.sh
-- Up-to-date symlink: /home/robomop/robomop_ws/install/robomop_description/share/robomop_description/environment/ament_prefix_path.dsv
-- Up-to-date symlink: /home/robomop/robomop_ws/install/robomop_description/share/robomop_description/environment/path.sh
-- Up-to-date symlink: /home/robomop/robomop_ws/install/robomop_description/share/robomop_description/environment/path.dsv
-- Up-to-date symlink: /home/robomop/robomop_ws/install/robomop_description/share/robomop_description/local_setup.bash
-- Up-to-date symlink: /home/robomop/robomop_ws/install/robomop_description/share/robomop_description/local_setup.sh
-- Up-to-date symlink: /home/robomop/robomop_ws/install/robomop_description/share/robomop_description/local_setup.zsh
-- Up-to-date symlink: /home/robomop/robomop_ws/install/robomop_description/share/robomop_description/local_setup.dsv
-- Symlinking: /home/robomop/robomop_ws/install/robomop_description/share/robomop_description/package.dsv
-- Up-to-date symlink: /home/robomop/robomop_ws/install/robomop_description/share/ament_index/resource_index/packages/robomop_description
-- Up-to-date symlink: /home/robomop/robomop_ws/install/robomop_description/share/robomop_description/cmake/robomop_descriptionConfig.cmake
-- Up-to-date symlink: /home/robomop/robomop_ws/install/robomop_description/share/robomop_description/cmake/robomop_descriptionConfig-version.cmake
-- Up-to-date symlink: /home/robomop/robomop_ws/install/robomop_description/share/robomop_description/package.xml
