[0.051s] Invoking command in '/home/robomop/robomop_ws/build/robomop_description': CMAKE_PREFIX_PATH=${CMAKE_PREFIX_PATH}:/home/robomop/robomop_ws/install/robomop_driver:/opt/ros/jazzy DEBUGINFOD_URLS=https://debuginfod.ubuntu.com /usr/bin/cmake /home/robomop/robomop_ws/src/robomop_description -DCMAKE_INSTALL_PREFIX=/home/robomop/robomop_ws/install/robomop_description
[0.724s] -- Found ament_cmake: 2.5.2 (/opt/ros/jazzy/share/ament_cmake/cmake)
[0.749s] -- Override CMake install command with custom implementation using symlinks instead of copying resources
[0.779s] -- Found ament_lint_auto: 0.17.1 (/opt/ros/jazzy/share/ament_lint_auto/cmake)
[1.289s] -- Added test 'flake8' to check Python code syntax and style conventions
[1.290s] -- Configured 'flake8' exclude dirs and/or files: 
[1.293s] -- Added test 'lint_cmake' to check CMake code style
[1.297s] -- Added test 'pep257' to check Python code against some of the docstring style conventions in PEP 257
[1.304s] -- Added test 'xmllint' to check XML markup files
[1.312s] -- Configuring done (1.2s)
[1.327s] -- Generating done (0.0s)
[1.342s] -- Build files have been written to: /home/robomop/robomop_ws/build/robomop_description
[1.368s] Invoked command in '/home/robomop/robomop_ws/build/robomop_description' returned '0': CMAKE_PREFIX_PATH=${CMAKE_PREFIX_PATH}:/home/robomop/robomop_ws/install/robomop_driver:/opt/ros/jazzy DEBUGINFOD_URLS=https://debuginfod.ubuntu.com /usr/bin/cmake /home/robomop/robomop_ws/src/robomop_description -DCMAKE_INSTALL_PREFIX=/home/robomop/robomop_ws/install/robomop_description
[1.373s] Invoking command in '/home/robomop/robomop_ws/build/robomop_description': CMAKE_PREFIX_PATH=${CMAKE_PREFIX_PATH}:/home/robomop/robomop_ws/install/robomop_driver:/opt/ros/jazzy DEBUGINFOD_URLS=https://debuginfod.ubuntu.com /usr/bin/cmake --build /home/robomop/robomop_ws/build/robomop_description -- -j4 -l4
[1.560s] Invoked command in '/home/robomop/robomop_ws/build/robomop_description' returned '0': CMAKE_PREFIX_PATH=${CMAKE_PREFIX_PATH}:/home/robomop/robomop_ws/install/robomop_driver:/opt/ros/jazzy DEBUGINFOD_URLS=https://debuginfod.ubuntu.com /usr/bin/cmake --build /home/robomop/robomop_ws/build/robomop_description -- -j4 -l4
[1.699s] Invoking command in '/home/robomop/robomop_ws/build/robomop_description': CMAKE_PREFIX_PATH=${CMAKE_PREFIX_PATH}:/home/robomop/robomop_ws/install/robomop_driver:/opt/ros/jazzy DEBUGINFOD_URLS=https://debuginfod.ubuntu.com /usr/bin/cmake --install /home/robomop/robomop_ws/build/robomop_description
[1.720s] -- Install configuration: ""
[1.723s] -- Execute custom install script
[1.724s] -- Up-to-date symlink: /home/robomop/robomop_ws/install/robomop_description/share/robomop_description/launch/view_robomop.launch.py
[1.725s] -- Up-to-date symlink: /home/robomop/robomop_ws/install/robomop_description/share/robomop_description/meshes/visual/robomop_assy.stl
[1.725s] -- Up-to-date symlink: /home/robomop/robomop_ws/install/robomop_description/share/robomop_description/rviz/robomop.rviz
[1.725s] -- Up-to-date symlink: /home/robomop/robomop_ws/install/robomop_description/share/robomop_description/urdf/common/inertials.xacro
[1.725s] -- Up-to-date symlink: /home/robomop/robomop_ws/install/robomop_description/share/robomop_description/urdf/common/materials.xacro
[1.725s] -- Up-to-date symlink: /home/robomop/robomop_ws/install/robomop_description/share/robomop_description/urdf/robomop.urdf.xacro
[1.725s] -- Up-to-date symlink: /home/robomop/robomop_ws/install/robomop_description/share/robomop_description/urdf/robomop/robomop_macro.xacro
[1.725s] -- Up-to-date symlink: /home/robomop/robomop_ws/install/robomop_description/share/ament_index/resource_index/package_run_dependencies/robomop_description
[1.725s] -- Up-to-date symlink: /home/robomop/robomop_ws/install/robomop_description/share/ament_index/resource_index/parent_prefix_path/robomop_description
[1.730s] -- Up-to-date symlink: /home/robomop/robomop_ws/install/robomop_description/share/robomop_description/environment/ament_prefix_path.sh
[1.731s] -- Up-to-date symlink: /home/robomop/robomop_ws/install/robomop_description/share/robomop_description/environment/ament_prefix_path.dsv
[1.731s] -- Up-to-date symlink: /home/robomop/robomop_ws/install/robomop_description/share/robomop_description/environment/path.sh
[1.731s] -- Up-to-date symlink: /home/robomop/robomop_ws/install/robomop_description/share/robomop_description/environment/path.dsv
[1.732s] -- Up-to-date symlink: /home/robomop/robomop_ws/install/robomop_description/share/robomop_description/local_setup.bash
[1.732s] -- Up-to-date symlink: /home/robomop/robomop_ws/install/robomop_description/share/robomop_description/local_setup.sh
[1.735s] -- Up-to-date symlink: /home/robomop/robomop_ws/install/robomop_description/share/robomop_description/local_setup.zsh
[1.735s] -- Up-to-date symlink: /home/robomop/robomop_ws/install/robomop_description/share/robomop_description/local_setup.dsv
[1.736s] -- Symlinking: /home/robomop/robomop_ws/install/robomop_description/share/robomop_description/package.dsv
[1.791s] -- Up-to-date symlink: /home/robomop/robomop_ws/install/robomop_description/share/ament_index/resource_index/packages/robomop_description
[1.795s] -- Up-to-date symlink: /home/robomop/robomop_ws/install/robomop_description/share/robomop_description/cmake/robomop_descriptionConfig.cmake
[1.796s] -- Up-to-date symlink: /home/robomop/robomop_ws/install/robomop_description/share/robomop_description/cmake/robomop_descriptionConfig-version.cmake
[1.796s] -- Up-to-date symlink: /home/robomop/robomop_ws/install/robomop_description/share/robomop_description/package.xml
[1.807s] Invoked command in '/home/robomop/robomop_ws/build/robomop_description' returned '0': CMAKE_PREFIX_PATH=${CMAKE_PREFIX_PATH}:/home/robomop/robomop_ws/install/robomop_driver:/opt/ros/jazzy DEBUGINFOD_URLS=https://debuginfod.ubuntu.com /usr/bin/cmake --install /home/robomop/robomop_ws/build/robomop_description
